2016-06-20 12:29:06 8720 [Note] Plugin 'FEDERATED' is disabled.
2016-06-20 12:29:06 8720 [Note] InnoDB: Using atomics to ref count buffer pool pages
2016-06-20 12:29:06 8720 [Note] InnoDB: The InnoDB memory heap is disabled
2016-06-20 12:29:06 8720 [Note] InnoDB: Mutexes and rw_locks use Windows interlocked functions
2016-06-20 12:29:06 8720 [Note] InnoDB: Memory barrier is not used
2016-06-20 12:29:06 8720 [Note] InnoDB: Compressed tables use zlib 1.2.3
2016-06-20 12:29:06 8720 [Note] InnoDB: Not using CPU crc32 instructions
2016-06-20 12:29:06 8720 [Note] InnoDB: Initializing buffer pool, size = 128.0M
2016-06-20 12:29:06 8720 [Note] InnoDB: Completed initialization of buffer pool
2016-06-20 12:29:06 8720 [Note] InnoDB: Highest supported file format is Barracuda.
2016-06-20 12:29:06 8720 [Note] InnoDB: 128 rollback segment(s) are active.
2016-06-20 12:29:06 8720 [Note] InnoDB: Waiting for purge to start
2016-06-20 12:29:06 8720 [Note] InnoDB: 5.6.30 started; log sequence number 1625977
2016-06-20 12:29:06 8720 [Warning] No existing UUID has been found, so we assume that this is the first time that this server has been started. Generating a new UUID: 410136ff-371d-11e6-ba3f-ecf4bb5cb176.
2016-06-20 12:29:06 8720 [Note] Server hostname (bind-address): '127.0.0.1'; port: 3307
2016-06-20 12:29:06 8720 [Note]   - '127.0.0.1' resolves to '127.0.0.1';
2016-06-20 12:29:06 8720 [Note] Server socket created on IP: '127.0.0.1'.
2016-06-20 12:29:06 8720 [Note] Event Scheduler: Loaded 0 events
2016-06-20 12:29:06 8720 [Note] C:\Users\ramky\Desktop\summer\wamp\mysql\bin\mysqld.exe: ready for connections.
Version: '5.6.30'  socket: ''  port: 3307  MySQL Community Server (GPL)
2016-06-20 12:29:42 8720 [Note] C:\Users\ramky\Desktop\summer\wamp\mysql\bin\mysqld.exe: Normal shutdown

2016-06-20 12:29:42 8720 [Note] Giving 0 client threads a chance to die gracefully
2016-06-20 12:29:42 8720 [Note] Event Scheduler: Purging the queue. 0 events
2016-06-20 12:29:42 8720 [Note] Shutting down slave threads
2016-06-20 12:29:42 8720 [Note] Forcefully disconnecting 0 remaining clients
2016-06-20 12:29:42 8720 [Note] Binlog end
2016-06-20 12:29:42 8720 [Note] Shutting down plugin 'partition'
2016-06-20 12:29:42 8720 [Note] Shutting down plugin 'PERFORMANCE_SCHEMA'
2016-06-20 12:29:42 8720 [Note] Shutting down plugin 'INNODB_SYS_DATAFILES'
2016-06-20 12:29:42 8720 [Note] Shutting down plugin 'INNODB_SYS_TABLESPACES'
2016-06-20 12:29:42 8720 [Note] Shutting down plugin 'INNODB_SYS_FOREIGN_COLS'
2016-06-20 12:29:42 8720 [Note] Shutting down plugin 'INNODB_SYS_FOREIGN'
2016-06-20 12:29:42 8720 [Note] Shutting down plugin 'INNODB_SYS_FIELDS'
2016-06-20 12:29:42 8720 [Note] Shutting down plugin 'INNODB_SYS_COLUMNS'
2016-06-20 12:29:42 8720 [Note] Shutting down plugin 'INNODB_SYS_INDEXES'
2016-06-20 12:29:42 8720 [Note] Shutting down plugin 'INNODB_SYS_TABLESTATS'
2016-06-20 12:29:42 8720 [Note] Shutting down plugin 'INNODB_SYS_TABLES'
2016-06-20 12:29:42 8720 [Note] Shutting down plugin 'INNODB_FT_INDEX_TABLE'
2016-06-20 12:29:42 8720 [Note] Shutting down plugin 'INNODB_FT_INDEX_CACHE'
2016-06-20 12:29:42 8720 [Note] Shutting down plugin 'INNODB_FT_CONFIG'
2016-06-20 12:29:42 8720 [Note] Shutting down plugin 'INNODB_FT_BEING_DELETED'
2016-06-20 12:29:42 8720 [Note] Shutting down plugin 'INNODB_FT_DELETED'
2016-06-20 12:29:42 8720 [Note] Shutting down plugin 'INNODB_FT_DEFAULT_STOPWORD'
2016-06-20 12:29:42 8720 [Note] Shutting down plugin 'INNODB_METRICS'
2016-06-20 12:29:42 8720 [Note] Shutting down plugin 'INNODB_BUFFER_POOL_STATS'
2016-06-20 12:29:42 8720 [Note] Shutting down plugin 'INNODB_BUFFER_PAGE_LRU'
2016-06-20 12:29:42 8720 [Note] Shutting down plugin 'INNODB_BUFFER_PAGE'
2016-06-20 12:29:42 8720 [Note] Shutting down plugin 'INNODB_CMP_PER_INDEX_RESET'
2016-06-20 12:29:42 8720 [Note] Shutting down plugin 'INNODB_CMP_PER_INDEX'
2016-06-20 12:29:42 8720 [Note] Shutting down plugin 'INNODB_CMPMEM_RESET'
2016-06-20 12:29:42 8720 [Note] Shutting down plugin 'INNODB_CMPMEM'
2016-06-20 12:29:42 8720 [Note] Shutting down plugin 'INNODB_CMP_RESET'
2016-06-20 12:29:42 8720 [Note] Shutting down plugin 'INNODB_CMP'
2016-06-20 12:29:42 8720 [Note] Shutting down plugin 'INNODB_LOCK_WAITS'
2016-06-20 12:29:42 8720 [Note] Shutting down plugin 'INNODB_LOCKS'
2016-06-20 12:29:42 8720 [Note] Shutting down plugin 'INNODB_TRX'
2016-06-20 12:29:42 8720 [Note] Shutting down plugin 'InnoDB'
2016-06-20 12:29:42 8720 [Note] InnoDB: FTS optimize thread exiting.
2016-06-20 12:29:42 8720 [Note] InnoDB: Starting shutdown...
2016-06-20 12:29:43 8720 [Note] InnoDB: Shutdown completed; log sequence number 1625987
2016-06-20 12:29:43 8720 [Note] Shutting down plugin 'BLACKHOLE'
2016-06-20 12:29:43 8720 [Note] Shutting down plugin 'ARCHIVE'
2016-06-20 12:29:43 8720 [Note] Shutting down plugin 'MRG_MYISAM'
2016-06-20 12:29:43 8720 [Note] Shutting down plugin 'MyISAM'
2016-06-20 12:29:43 8720 [Note] Shutting down plugin 'MEMORY'
2016-06-20 12:29:43 8720 [Note] Shutting down plugin 'CSV'
2016-06-20 12:29:43 8720 [Note] Shutting down plugin 'sha256_password'
2016-06-20 12:29:43 8720 [Note] Shutting down plugin 'mysql_old_password'
2016-06-20 12:29:43 8720 [Note] Shutting down plugin 'mysql_native_password'
2016-06-20 12:29:43 8720 [Note] Shutting down plugin 'binlog'
2016-06-20 12:29:43 8720 [Note] C:\Users\ramky\Desktop\summer\wamp\mysql\bin\mysqld.exe: Shutdown complete

2016-06-20 12:30:37 3292 [Note] Plugin 'FEDERATED' is disabled.
2016-06-20 12:30:37 3292 [Note] InnoDB: Using atomics to ref count buffer pool pages
2016-06-20 12:30:37 3292 [Note] InnoDB: The InnoDB memory heap is disabled
2016-06-20 12:30:37 3292 [Note] InnoDB: Mutexes and rw_locks use Windows interlocked functions
2016-06-20 12:30:37 3292 [Note] InnoDB: Memory barrier is not used
2016-06-20 12:30:37 3292 [Note] InnoDB: Compressed tables use zlib 1.2.3
2016-06-20 12:30:37 3292 [Note] InnoDB: Not using CPU crc32 instructions
2016-06-20 12:30:37 3292 [Note] InnoDB: Initializing buffer pool, size = 128.0M
2016-06-20 12:30:37 3292 [Note] InnoDB: Completed initialization of buffer pool
2016-06-20 12:30:37 3292 [Note] InnoDB: Highest supported file format is Barracuda.
2016-06-20 12:30:37 3292 [Note] InnoDB: 128 rollback segment(s) are active.
2016-06-20 12:30:37 3292 [Note] InnoDB: Waiting for purge to start
2016-06-20 12:30:38 3292 [Note] InnoDB: 5.6.30 started; log sequence number 1625987
2016-06-20 12:30:38 3292 [Note] Server hostname (bind-address): '127.0.0.1'; port: 3307
2016-06-20 12:30:38 3292 [Note]   - '127.0.0.1' resolves to '127.0.0.1';
2016-06-20 12:30:38 3292 [Note] Server socket created on IP: '127.0.0.1'.
2016-06-20 12:30:38 3292 [Note] Event Scheduler: Loaded 0 events
2016-06-20 12:30:38 3292 [Note] C:\Users\ramky\Desktop\summer\wamp\mysql\bin\mysqld.exe: ready for connections.
Version: '5.6.30'  socket: ''  port: 3307  MySQL Community Server (GPL)
2016-06-20 12:52:20 3292 [Note] C:\Users\ramky\Desktop\summer\wamp\mysql\bin\mysqld.exe: Normal shutdown

2016-06-20 12:52:20 3292 [Note] Giving 0 client threads a chance to die gracefully
2016-06-20 12:52:20 3292 [Note] Event Scheduler: Purging the queue. 0 events
2016-06-20 12:52:20 3292 [Note] Shutting down slave threads
2016-06-20 12:52:20 3292 [Note] Forcefully disconnecting 0 remaining clients
2016-06-20 12:52:20 3292 [Note] Binlog end
2016-06-20 12:52:20 3292 [Note] Shutting down plugin 'partition'
2016-06-20 12:52:20 3292 [Note] Shutting down plugin 'PERFORMANCE_SCHEMA'
2016-06-20 12:52:20 3292 [Note] Shutting down plugin 'INNODB_SYS_DATAFILES'
2016-06-20 12:52:20 3292 [Note] Shutting down plugin 'INNODB_SYS_TABLESPACES'
2016-06-20 12:52:20 3292 [Note] Shutting down plugin 'INNODB_SYS_FOREIGN_COLS'
2016-06-20 12:52:20 3292 [Note] Shutting down plugin 'INNODB_SYS_FOREIGN'
2016-06-20 12:52:20 3292 [Note] Shutting down plugin 'INNODB_SYS_FIELDS'
2016-06-20 12:52:20 3292 [Note] Shutting down plugin 'INNODB_SYS_COLUMNS'
2016-06-20 12:52:20 3292 [Note] Shutting down plugin 'INNODB_SYS_INDEXES'
2016-06-20 12:52:20 3292 [Note] Shutting down plugin 'INNODB_SYS_TABLESTATS'
2016-06-20 12:52:20 3292 [Note] Shutting down plugin 'INNODB_SYS_TABLES'
2016-06-20 12:52:20 3292 [Note] Shutting down plugin 'INNODB_FT_INDEX_TABLE'
2016-06-20 12:52:20 3292 [Note] Shutting down plugin 'INNODB_FT_INDEX_CACHE'
2016-06-20 12:52:20 3292 [Note] Shutting down plugin 'INNODB_FT_CONFIG'
2016-06-20 12:52:20 3292 [Note] Shutting down plugin 'INNODB_FT_BEING_DELETED'
2016-06-20 12:52:20 3292 [Note] Shutting down plugin 'INNODB_FT_DELETED'
2016-06-20 12:52:20 3292 [Note] Shutting down plugin 'INNODB_FT_DEFAULT_STOPWORD'
2016-06-20 12:52:20 3292 [Note] Shutting down plugin 'INNODB_METRICS'
2016-06-20 12:52:20 3292 [Note] Shutting down plugin 'INNODB_BUFFER_POOL_STATS'
2016-06-20 12:52:20 3292 [Note] Shutting down plugin 'INNODB_BUFFER_PAGE_LRU'
2016-06-20 12:52:20 3292 [Note] Shutting down plugin 'INNODB_BUFFER_PAGE'
2016-06-20 12:52:20 3292 [Note] Shutting down plugin 'INNODB_CMP_PER_INDEX_RESET'
2016-06-20 12:52:20 3292 [Note] Shutting down plugin 'INNODB_CMP_PER_INDEX'
2016-06-20 12:52:20 3292 [Note] Shutting down plugin 'INNODB_CMPMEM_RESET'
2016-06-20 12:52:20 3292 [Note] Shutting down plugin 'INNODB_CMPMEM'
2016-06-20 12:52:20 3292 [Note] Shutting down plugin 'INNODB_CMP_RESET'
2016-06-20 12:52:20 3292 [Note] Shutting down plugin 'INNODB_CMP'
2016-06-20 12:52:20 3292 [Note] Shutting down plugin 'INNODB_LOCK_WAITS'
2016-06-20 12:52:20 3292 [Note] Shutting down plugin 'INNODB_LOCKS'
2016-06-20 12:52:20 3292 [Note] Shutting down plugin 'INNODB_TRX'
2016-06-20 12:52:20 3292 [Note] Shutting down plugin 'InnoDB'
2016-06-20 12:52:20 3292 [Note] InnoDB: FTS optimize thread exiting.
2016-06-20 12:52:20 3292 [Note] InnoDB: Starting shutdown...
2016-06-20 12:52:21 3292 [Note] InnoDB: Shutdown completed; log sequence number 1646312
2016-06-20 12:52:21 3292 [Note] Shutting down plugin 'BLACKHOLE'
2016-06-20 12:52:21 3292 [Note] Shutting down plugin 'ARCHIVE'
2016-06-20 12:52:21 3292 [Note] Shutting down plugin 'MRG_MYISAM'
2016-06-20 12:52:21 3292 [Note] Shutting down plugin 'MyISAM'
2016-06-20 12:52:21 3292 [Note] Shutting down plugin 'MEMORY'
2016-06-20 12:52:21 3292 [Note] Shutting down plugin 'CSV'
2016-06-20 12:52:21 3292 [Note] Shutting down plugin 'sha256_password'
2016-06-20 12:52:21 3292 [Note] Shutting down plugin 'mysql_old_password'
2016-06-20 12:52:21 3292 [Note] Shutting down plugin 'mysql_native_password'
2016-06-20 12:52:21 3292 [Note] Shutting down plugin 'binlog'
2016-06-20 12:52:21 3292 [Note] C:\Users\ramky\Desktop\summer\wamp\mysql\bin\mysqld.exe: Shutdown complete

2016-06-20 12:52:22 5660 [Note] Plugin 'FEDERATED' is disabled.
2016-06-20 12:52:22 5660 [Note] InnoDB: Using atomics to ref count buffer pool pages
2016-06-20 12:52:22 5660 [Note] InnoDB: The InnoDB memory heap is disabled
2016-06-20 12:52:22 5660 [Note] InnoDB: Mutexes and rw_locks use Windows interlocked functions
2016-06-20 12:52:22 5660 [Note] InnoDB: Memory barrier is not used
2016-06-20 12:52:22 5660 [Note] InnoDB: Compressed tables use zlib 1.2.3
2016-06-20 12:52:22 5660 [Note] InnoDB: Not using CPU crc32 instructions
2016-06-20 12:52:22 5660 [Note] InnoDB: Initializing buffer pool, size = 128.0M
2016-06-20 12:52:22 5660 [Note] InnoDB: Completed initialization of buffer pool
2016-06-20 12:52:22 5660 [Note] InnoDB: Highest supported file format is Barracuda.
2016-06-20 12:52:22 5660 [Note] InnoDB: 128 rollback segment(s) are active.
2016-06-20 12:52:22 5660 [Note] InnoDB: Waiting for purge to start
2016-06-20 12:52:22 5660 [Note] InnoDB: 5.6.30 started; log sequence number 1646312
2016-06-20 12:52:22 5660 [Note] Server hostname (bind-address): '127.0.0.1'; port: 3307
2016-06-20 12:52:22 5660 [Note]   - '127.0.0.1' resolves to '127.0.0.1';
2016-06-20 12:52:22 5660 [Note] Server socket created on IP: '127.0.0.1'.
2016-06-20 12:52:22 5660 [Note] Event Scheduler: Loaded 0 events
2016-06-20 12:52:22 5660 [Note] C:\Users\ramky\Desktop\summer\wamp\mysql\bin\mysqld.exe: ready for connections.
Version: '5.6.30'  socket: ''  port: 3307  MySQL Community Server (GPL)
2016-06-20 13:12:15 5660 [Note] C:\Users\ramky\Desktop\summer\wamp\mysql\bin\mysqld.exe: Normal shutdown

2016-06-20 13:12:15 5660 [Note] Giving 0 client threads a chance to die gracefully
2016-06-20 13:12:15 5660 [Note] Event Scheduler: Purging the queue. 0 events
2016-06-20 13:12:15 5660 [Note] Shutting down slave threads
2016-06-20 13:12:15 5660 [Note] Forcefully disconnecting 0 remaining clients
2016-06-20 13:12:15 5660 [Note] Binlog end
2016-06-20 13:12:15 5660 [Note] Shutting down plugin 'partition'
2016-06-20 13:12:15 5660 [Note] Shutting down plugin 'PERFORMANCE_SCHEMA'
2016-06-20 13:12:15 5660 [Note] Shutting down plugin 'INNODB_SYS_DATAFILES'
2016-06-20 13:12:15 5660 [Note] Shutting down plugin 'INNODB_SYS_TABLESPACES'
2016-06-20 13:12:15 5660 [Note] Shutting down plugin 'INNODB_SYS_FOREIGN_COLS'
2016-06-20 13:12:15 5660 [Note] Shutting down plugin 'INNODB_SYS_FOREIGN'
2016-06-20 13:12:15 5660 [Note] Shutting down plugin 'INNODB_SYS_FIELDS'
2016-06-20 13:12:15 5660 [Note] Shutting down plugin 'INNODB_SYS_COLUMNS'
2016-06-20 13:12:15 5660 [Note] Shutting down plugin 'INNODB_SYS_INDEXES'
2016-06-20 13:12:15 5660 [Note] Shutting down plugin 'INNODB_SYS_TABLESTATS'
2016-06-20 13:12:15 5660 [Note] Shutting down plugin 'INNODB_SYS_TABLES'
2016-06-20 13:12:15 5660 [Note] Shutting down plugin 'INNODB_FT_INDEX_TABLE'
2016-06-20 13:12:15 5660 [Note] Shutting down plugin 'INNODB_FT_INDEX_CACHE'
2016-06-20 13:12:15 5660 [Note] Shutting down plugin 'INNODB_FT_CONFIG'
2016-06-20 13:12:15 5660 [Note] Shutting down plugin 'INNODB_FT_BEING_DELETED'
2016-06-20 13:12:15 5660 [Note] Shutting down plugin 'INNODB_FT_DELETED'
2016-06-20 13:12:15 5660 [Note] Shutting down plugin 'INNODB_FT_DEFAULT_STOPWORD'
2016-06-20 13:12:15 5660 [Note] Shutting down plugin 'INNODB_METRICS'
2016-06-20 13:12:15 5660 [Note] Shutting down plugin 'INNODB_BUFFER_POOL_STATS'
2016-06-20 13:12:15 5660 [Note] Shutting down plugin 'INNODB_BUFFER_PAGE_LRU'
2016-06-20 13:12:15 5660 [Note] Shutting down plugin 'INNODB_BUFFER_PAGE'
2016-06-20 13:12:15 5660 [Note] Shutting down plugin 'INNODB_CMP_PER_INDEX_RESET'
2016-06-20 13:12:15 5660 [Note] Shutting down plugin 'INNODB_CMP_PER_INDEX'
2016-06-20 13:12:15 5660 [Note] Shutting down plugin 'INNODB_CMPMEM_RESET'
2016-06-20 13:12:15 5660 [Note] Shutting down plugin 'INNODB_CMPMEM'
2016-06-20 13:12:15 5660 [Note] Shutting down plugin 'INNODB_CMP_RESET'
2016-06-20 13:12:15 5660 [Note] Shutting down plugin 'INNODB_CMP'
2016-06-20 13:12:15 5660 [Note] Shutting down plugin 'INNODB_LOCK_WAITS'
2016-06-20 13:12:15 5660 [Note] Shutting down plugin 'INNODB_LOCKS'
2016-06-20 13:12:15 5660 [Note] Shutting down plugin 'INNODB_TRX'
2016-06-20 13:12:15 5660 [Note] Shutting down plugin 'InnoDB'
2016-06-20 13:12:15 5660 [Note] InnoDB: FTS optimize thread exiting.
2016-06-20 13:12:15 5660 [Note] InnoDB: Starting shutdown...
2016-06-20 13:12:15 5660 [Note] InnoDB: Shutdown completed; log sequence number 1646322
2016-06-20 13:12:15 5660 [Note] Shutting down plugin 'BLACKHOLE'
2016-06-20 13:12:15 5660 [Note] Shutting down plugin 'ARCHIVE'
2016-06-20 13:12:15 5660 [Note] Shutting down plugin 'MRG_MYISAM'
2016-06-20 13:12:15 5660 [Note] Shutting down plugin 'MyISAM'
2016-06-20 13:12:15 5660 [Note] Shutting down plugin 'MEMORY'
2016-06-20 13:12:15 5660 [Note] Shutting down plugin 'CSV'
2016-06-20 13:12:15 5660 [Note] Shutting down plugin 'sha256_password'
2016-06-20 13:12:15 5660 [Note] Shutting down plugin 'mysql_old_password'
2016-06-20 13:12:15 5660 [Note] Shutting down plugin 'mysql_native_password'
2016-06-20 13:12:15 5660 [Note] Shutting down plugin 'binlog'
2016-06-20 13:12:15 5660 [Note] C:\Users\ramky\Desktop\summer\wamp\mysql\bin\mysqld.exe: Shutdown complete

2016-06-20 13:12:15 6332 [Note] Plugin 'FEDERATED' is disabled.
2016-06-20 13:12:15 6332 [Note] InnoDB: Using atomics to ref count buffer pool pages
2016-06-20 13:12:15 6332 [Note] InnoDB: The InnoDB memory heap is disabled
2016-06-20 13:12:15 6332 [Note] InnoDB: Mutexes and rw_locks use Windows interlocked functions
2016-06-20 13:12:15 6332 [Note] InnoDB: Memory barrier is not used
2016-06-20 13:12:15 6332 [Note] InnoDB: Compressed tables use zlib 1.2.3
2016-06-20 13:12:15 6332 [Note] InnoDB: Not using CPU crc32 instructions
2016-06-20 13:12:15 6332 [Note] InnoDB: Initializing buffer pool, size = 128.0M
2016-06-20 13:12:15 6332 [Note] InnoDB: Completed initialization of buffer pool
2016-06-20 13:12:16 6332 [Note] InnoDB: Highest supported file format is Barracuda.
2016-06-20 13:12:16 6332 [Note] InnoDB: 128 rollback segment(s) are active.
2016-06-20 13:12:16 6332 [Note] InnoDB: Waiting for purge to start
2016-06-20 13:12:16 6332 [Note] InnoDB: 5.6.30 started; log sequence number 1646322
2016-06-20 13:12:16 6332 [Note] Server hostname (bind-address): '127.0.0.1'; port: 3306
2016-06-20 13:12:16 6332 [Note]   - '127.0.0.1' resolves to '127.0.0.1';
2016-06-20 13:12:16 6332 [Note] Server socket created on IP: '127.0.0.1'.
2016-06-20 13:12:16 6332 [Note] Event Scheduler: Loaded 0 events
2016-06-20 13:12:16 6332 [Note] C:\Users\ramky\Desktop\summer\wamp\mysql\bin\mysqld.exe: ready for connections.
Version: '5.6.30'  socket: ''  port: 3306  MySQL Community Server (GPL)
2016-07-10 21:53:34 6332 [Note] C:\Users\ramky\Desktop\summer\wamp\mysql\bin\mysqld.exe: Normal shutdown

2016-07-10 21:53:34 6332 [Note] Giving 0 client threads a chance to die gracefully
2016-07-10 21:53:34 6332 [Note] Event Scheduler: Purging the queue. 0 events
2016-07-10 21:53:34 6332 [Note] Shutting down slave threads
2016-07-10 21:53:34 6332 [Note] Forcefully disconnecting 0 remaining clients
2016-07-10 21:53:35 6332 [Note] Binlog end
2016-07-10 21:53:36 6332 [Note] Shutting down plugin 'partition'
2016-07-10 21:53:36 6332 [Note] Shutting down plugin 'PERFORMANCE_SCHEMA'
2016-07-10 21:53:36 6332 [Note] Shutting down plugin 'INNODB_SYS_DATAFILES'
2016-07-10 21:53:36 6332 [Note] Shutting down plugin 'INNODB_SYS_TABLESPACES'
2016-07-10 21:53:36 6332 [Note] Shutting down plugin 'INNODB_SYS_FOREIGN_COLS'
2016-07-10 21:53:36 6332 [Note] Shutting down plugin 'INNODB_SYS_FOREIGN'
2016-07-10 21:53:36 6332 [Note] Shutting down plugin 'INNODB_SYS_FIELDS'
2016-07-10 21:53:36 6332 [Note] Shutting down plugin 'INNODB_SYS_COLUMNS'
2016-07-10 21:53:36 6332 [Note] Shutting down plugin 'INNODB_SYS_INDEXES'
2016-07-10 21:53:36 6332 [Note] Shutting down plugin 'INNODB_SYS_TABLESTATS'
2016-07-10 21:53:36 6332 [Note] Shutting down plugin 'INNODB_SYS_TABLES'
2016-07-10 21:53:36 6332 [Note] Shutting down plugin 'INNODB_FT_INDEX_TABLE'
2016-07-10 21:53:36 6332 [Note] Shutting down plugin 'INNODB_FT_INDEX_CACHE'
2016-07-10 21:53:36 6332 [Note] Shutting down plugin 'INNODB_FT_CONFIG'
2016-07-10 21:53:36 6332 [Note] Shutting down plugin 'INNODB_FT_BEING_DELETED'
2016-07-10 21:53:36 6332 [Note] Shutting down plugin 'INNODB_FT_DELETED'
2016-07-10 21:53:36 6332 [Note] Shutting down plugin 'INNODB_FT_DEFAULT_STOPWORD'
2016-07-10 21:53:36 6332 [Note] Shutting down plugin 'INNODB_METRICS'
2016-07-10 21:53:36 6332 [Note] Shutting down plugin 'INNODB_BUFFER_POOL_STATS'
2016-07-10 21:53:36 6332 [Note] Shutting down plugin 'INNODB_BUFFER_PAGE_LRU'
2016-07-10 21:53:36 6332 [Note] Shutting down plugin 'INNODB_BUFFER_PAGE'
2016-07-10 21:53:36 6332 [Note] Shutting down plugin 'INNODB_CMP_PER_INDEX_RESET'
2016-07-10 21:53:36 6332 [Note] Shutting down plugin 'INNODB_CMP_PER_INDEX'
2016-07-10 21:53:36 6332 [Note] Shutting down plugin 'INNODB_CMPMEM_RESET'
2016-07-10 21:53:36 6332 [Note] Shutting down plugin 'INNODB_CMPMEM'
2016-07-10 21:53:36 6332 [Note] Shutting down plugin 'INNODB_CMP_RESET'
2016-07-10 21:53:36 6332 [Note] Shutting down plugin 'INNODB_CMP'
2016-07-10 21:53:36 6332 [Note] Shutting down plugin 'INNODB_LOCK_WAITS'
2016-07-10 21:53:36 6332 [Note] Shutting down plugin 'INNODB_LOCKS'
2016-07-10 21:53:36 6332 [Note] Shutting down plugin 'INNODB_TRX'
2016-07-10 21:53:36 6332 [Note] Shutting down plugin 'InnoDB'
2016-07-10 21:53:36 6332 [Note] InnoDB: FTS optimize thread exiting.
2016-07-10 21:53:37 6332 [Note] InnoDB: Starting shutdown...
2016-07-10 21:53:38 6332 [Note] InnoDB: Shutdown completed; log sequence number 1822357
2016-07-10 21:53:38 6332 [Note] Shutting down plugin 'BLACKHOLE'
2016-07-10 21:53:38 6332 [Note] Shutting down plugin 'ARCHIVE'
2016-07-10 21:53:38 6332 [Note] Shutting down plugin 'MRG_MYISAM'
2016-07-10 21:53:38 6332 [Note] Shutting down plugin 'MyISAM'
2016-07-10 21:53:38 6332 [Note] Shutting down plugin 'MEMORY'
2016-07-10 21:53:38 6332 [Note] Shutting down plugin 'CSV'
2016-07-10 21:53:38 6332 [Note] Shutting down plugin 'sha256_password'
2016-07-10 21:53:38 6332 [Note] Shutting down plugin 'mysql_old_password'
2016-07-10 21:53:38 6332 [Note] Shutting down plugin 'mysql_native_password'
2016-07-10 21:53:38 6332 [Note] Shutting down plugin 'binlog'
2016-07-10 21:53:39 6332 [Note] C:\Users\ramky\Desktop\summer\wamp\mysql\bin\mysqld.exe: Shutdown complete

2016-07-10 21:55:01 2068 [Note] Plugin 'FEDERATED' is disabled.
2016-07-10 21:55:03 2068 [Note] InnoDB: Using atomics to ref count buffer pool pages
2016-07-10 21:55:03 2068 [Note] InnoDB: The InnoDB memory heap is disabled
2016-07-10 21:55:03 2068 [Note] InnoDB: Mutexes and rw_locks use Windows interlocked functions
2016-07-10 21:55:03 2068 [Note] InnoDB: Memory barrier is not used
2016-07-10 21:55:03 2068 [Note] InnoDB: Compressed tables use zlib 1.2.3
2016-07-10 21:55:04 2068 [Note] InnoDB: Not using CPU crc32 instructions
2016-07-10 21:55:04 2068 [Note] InnoDB: Initializing buffer pool, size = 128.0M
2016-07-10 21:55:04 2068 [Note] InnoDB: Completed initialization of buffer pool
2016-07-10 21:55:05 2068 [Note] InnoDB: Highest supported file format is Barracuda.
2016-07-10 21:55:08 2068 [Note] InnoDB: 128 rollback segment(s) are active.
2016-07-10 21:55:08 2068 [Note] InnoDB: Waiting for purge to start
2016-07-10 21:55:08 2068 [Note] InnoDB: 5.6.30 started; log sequence number 1822357
2016-07-10 21:55:09 2068 [Note] Server hostname (bind-address): '127.0.0.1'; port: 3306
2016-07-10 21:55:09 2068 [Note]   - '127.0.0.1' resolves to '127.0.0.1';
2016-07-10 21:55:09 2068 [Note] Server socket created on IP: '127.0.0.1'.
2016-07-10 21:55:17 2068 [Note] Event Scheduler: Loaded 0 events
2016-07-10 21:55:17 2068 [Note] C:\Users\ramky\Desktop\summer\wamp\mysql\bin\mysqld.exe: ready for connections.
Version: '5.6.30'  socket: ''  port: 3306  MySQL Community Server (GPL)
2016-07-20 16:33:25 2068 [Note] C:\Users\ramky\Desktop\summer\wamp\mysql\bin\mysqld.exe: Normal shutdown

2016-07-20 16:33:26 2068 [Note] Giving 0 client threads a chance to die gracefully
2016-07-20 16:33:26 2068 [Note] Event Scheduler: Purging the queue. 0 events
2016-07-20 16:33:26 2068 [Note] Shutting down slave threads
2016-07-20 16:33:26 2068 [Note] Forcefully disconnecting 0 remaining clients
2016-07-20 16:33:27 2068 [Note] Binlog end
2016-07-20 16:33:27 2068 [Note] Shutting down plugin 'partition'
2016-07-20 16:33:27 2068 [Note] Shutting down plugin 'PERFORMANCE_SCHEMA'
2016-07-20 16:33:27 2068 [Note] Shutting down plugin 'INNODB_SYS_DATAFILES'
2016-07-20 16:33:27 2068 [Note] Shutting down plugin 'INNODB_SYS_TABLESPACES'
2016-07-20 16:33:27 2068 [Note] Shutting down plugin 'INNODB_SYS_FOREIGN_COLS'
2016-07-20 16:33:27 2068 [Note] Shutting down plugin 'INNODB_SYS_FOREIGN'
2016-07-20 16:33:27 2068 [Note] Shutting down plugin 'INNODB_SYS_FIELDS'
2016-07-20 16:33:27 2068 [Note] Shutting down plugin 'INNODB_SYS_COLUMNS'
2016-07-20 16:33:27 2068 [Note] Shutting down plugin 'INNODB_SYS_INDEXES'
2016-07-20 16:33:27 2068 [Note] Shutting down plugin 'INNODB_SYS_TABLESTATS'
2016-07-20 16:33:27 2068 [Note] Shutting down plugin 'INNODB_SYS_TABLES'
2016-07-20 16:33:27 2068 [Note] Shutting down plugin 'INNODB_FT_INDEX_TABLE'
2016-07-20 16:33:27 2068 [Note] Shutting down plugin 'INNODB_FT_INDEX_CACHE'
2016-07-20 16:33:27 2068 [Note] Shutting down plugin 'INNODB_FT_CONFIG'
2016-07-20 16:33:27 2068 [Note] Shutting down plugin 'INNODB_FT_BEING_DELETED'
2016-07-20 16:33:27 2068 [Note] Shutting down plugin 'INNODB_FT_DELETED'
2016-07-20 16:33:27 2068 [Note] Shutting down plugin 'INNODB_FT_DEFAULT_STOPWORD'
2016-07-20 16:33:27 2068 [Note] Shutting down plugin 'INNODB_METRICS'
2016-07-20 16:33:27 2068 [Note] Shutting down plugin 'INNODB_BUFFER_POOL_STATS'
2016-07-20 16:33:27 2068 [Note] Shutting down plugin 'INNODB_BUFFER_PAGE_LRU'
2016-07-20 16:33:27 2068 [Note] Shutting down plugin 'INNODB_BUFFER_PAGE'
2016-07-20 16:33:27 2068 [Note] Shutting down plugin 'INNODB_CMP_PER_INDEX_RESET'
2016-07-20 16:33:27 2068 [Note] Shutting down plugin 'INNODB_CMP_PER_INDEX'
2016-07-20 16:33:27 2068 [Note] Shutting down plugin 'INNODB_CMPMEM_RESET'
2016-07-20 16:33:27 2068 [Note] Shutting down plugin 'INNODB_CMPMEM'
2016-07-20 16:33:27 2068 [Note] Shutting down plugin 'INNODB_CMP_RESET'
2016-07-20 16:33:27 2068 [Note] Shutting down plugin 'INNODB_CMP'
2016-07-20 16:33:27 2068 [Note] Shutting down plugin 'INNODB_LOCK_WAITS'
2016-07-20 16:33:27 2068 [Note] Shutting down plugin 'INNODB_LOCKS'
2016-07-20 16:33:27 2068 [Note] Shutting down plugin 'INNODB_TRX'
2016-07-20 16:33:27 2068 [Note] Shutting down plugin 'InnoDB'
2016-07-20 16:33:28 2068 [Note] InnoDB: FTS optimize thread exiting.
2016-07-20 16:33:28 2068 [Note] InnoDB: Starting shutdown...
2016-07-20 16:33:29 2068 [Note] InnoDB: Shutdown completed; log sequence number 1826873
2016-07-20 16:33:29 2068 [Note] Shutting down plugin 'BLACKHOLE'
2016-07-20 16:33:29 2068 [Note] Shutting down plugin 'ARCHIVE'
2016-07-20 16:33:29 2068 [Note] Shutting down plugin 'MRG_MYISAM'
2016-07-20 16:33:29 2068 [Note] Shutting down plugin 'MyISAM'
2016-07-20 16:33:29 2068 [Note] Shutting down plugin 'MEMORY'
2016-07-20 16:33:29 2068 [Note] Shutting down plugin 'CSV'
2016-07-20 16:33:29 2068 [Note] Shutting down plugin 'sha256_password'
2016-07-20 16:33:29 2068 [Note] Shutting down plugin 'mysql_old_password'
2016-07-20 16:33:29 2068 [Note] Shutting down plugin 'mysql_native_password'
2016-07-20 16:33:29 2068 [Note] Shutting down plugin 'binlog'
2016-07-20 16:33:32 2068 [Note] C:\Users\ramky\Desktop\summer\wamp\mysql\bin\mysqld.exe: Shutdown complete

2016-07-20 16:35:02 2096 [Note] Plugin 'FEDERATED' is disabled.
2016-07-20 16:35:04 2096 [Note] InnoDB: Using atomics to ref count buffer pool pages
2016-07-20 16:35:04 2096 [Note] InnoDB: The InnoDB memory heap is disabled
2016-07-20 16:35:04 2096 [Note] InnoDB: Mutexes and rw_locks use Windows interlocked functions
2016-07-20 16:35:04 2096 [Note] InnoDB: Memory barrier is not used
2016-07-20 16:35:04 2096 [Note] InnoDB: Compressed tables use zlib 1.2.3
2016-07-20 16:35:04 2096 [Note] InnoDB: Not using CPU crc32 instructions
2016-07-20 16:35:04 2096 [Note] InnoDB: Initializing buffer pool, size = 128.0M
2016-07-20 16:35:04 2096 [Note] InnoDB: Completed initialization of buffer pool
2016-07-20 16:35:05 2096 [Note] InnoDB: Highest supported file format is Barracuda.
2016-07-20 16:35:09 2096 [Note] InnoDB: 128 rollback segment(s) are active.
2016-07-20 16:35:09 2096 [Note] InnoDB: Waiting for purge to start
2016-07-20 16:35:09 2096 [Note] InnoDB: 5.6.30 started; log sequence number 1826873
2016-07-20 16:35:10 2096 [Note] Server hostname (bind-address): '127.0.0.1'; port: 3306
2016-07-20 16:35:10 2096 [Note]   - '127.0.0.1' resolves to '127.0.0.1';
2016-07-20 16:35:10 2096 [Note] Server socket created on IP: '127.0.0.1'.
2016-07-20 16:35:23 2096 [Note] Event Scheduler: Loaded 0 events
2016-07-20 16:35:23 2096 [Note] C:\Users\ramky\Desktop\summer\wamp\mysql\bin\mysqld.exe: ready for connections.
Version: '5.6.30'  socket: ''  port: 3306  MySQL Community Server (GPL)
2016-07-21 09:58:54 2096 [Note] C:\Users\ramky\Desktop\summer\wamp\mysql\bin\mysqld.exe: Normal shutdown

2016-07-21 09:58:54 2096 [Note] Giving 0 client threads a chance to die gracefully
2016-07-21 09:58:54 2096 [Note] Event Scheduler: Purging the queue. 0 events
2016-07-21 09:58:54 2096 [Note] Shutting down slave threads
2016-07-21 09:58:54 2096 [Note] Forcefully disconnecting 0 remaining clients
2016-07-21 09:58:54 2096 [Note] Binlog end
2016-07-21 09:58:54 2096 [Note] Shutting down plugin 'partition'
2016-07-21 09:58:54 2096 [Note] Shutting down plugin 'PERFORMANCE_SCHEMA'
2016-07-21 09:58:54 2096 [Note] Shutting down plugin 'INNODB_SYS_DATAFILES'
2016-07-21 09:58:54 2096 [Note] Shutting down plugin 'INNODB_SYS_TABLESPACES'
2016-07-21 09:58:54 2096 [Note] Shutting down plugin 'INNODB_SYS_FOREIGN_COLS'
2016-07-21 09:58:54 2096 [Note] Shutting down plugin 'INNODB_SYS_FOREIGN'
2016-07-21 09:58:54 2096 [Note] Shutting down plugin 'INNODB_SYS_FIELDS'
2016-07-21 09:58:54 2096 [Note] Shutting down plugin 'INNODB_SYS_COLUMNS'
2016-07-21 09:58:54 2096 [Note] Shutting down plugin 'INNODB_SYS_INDEXES'
2016-07-21 09:58:54 2096 [Note] Shutting down plugin 'INNODB_SYS_TABLESTATS'
2016-07-21 09:58:54 2096 [Note] Shutting down plugin 'INNODB_SYS_TABLES'
2016-07-21 09:58:54 2096 [Note] Shutting down plugin 'INNODB_FT_INDEX_TABLE'
2016-07-21 09:58:54 2096 [Note] Shutting down plugin 'INNODB_FT_INDEX_CACHE'
2016-07-21 09:58:54 2096 [Note] Shutting down plugin 'INNODB_FT_CONFIG'
2016-07-21 09:58:54 2096 [Note] Shutting down plugin 'INNODB_FT_BEING_DELETED'
2016-07-21 09:58:54 2096 [Note] Shutting down plugin 'INNODB_FT_DELETED'
2016-07-21 09:58:54 2096 [Note] Shutting down plugin 'INNODB_FT_DEFAULT_STOPWORD'
2016-07-21 09:58:54 2096 [Note] Shutting down plugin 'INNODB_METRICS'
2016-07-21 09:58:54 2096 [Note] Shutting down plugin 'INNODB_BUFFER_POOL_STATS'
2016-07-21 09:58:54 2096 [Note] Shutting down plugin 'INNODB_BUFFER_PAGE_LRU'
2016-07-21 09:58:54 2096 [Note] Shutting down plugin 'INNODB_BUFFER_PAGE'
2016-07-21 09:58:54 2096 [Note] Shutting down plugin 'INNODB_CMP_PER_INDEX_RESET'
2016-07-21 09:58:54 2096 [Note] Shutting down plugin 'INNODB_CMP_PER_INDEX'
2016-07-21 09:58:54 2096 [Note] Shutting down plugin 'INNODB_CMPMEM_RESET'
2016-07-21 09:58:54 2096 [Note] Shutting down plugin 'INNODB_CMPMEM'
2016-07-21 09:58:54 2096 [Note] Shutting down plugin 'INNODB_CMP_RESET'
2016-07-21 09:58:54 2096 [Note] Shutting down plugin 'INNODB_CMP'
2016-07-21 09:58:54 2096 [Note] Shutting down plugin 'INNODB_LOCK_WAITS'
2016-07-21 09:58:54 2096 [Note] Shutting down plugin 'INNODB_LOCKS'
2016-07-21 09:58:54 2096 [Note] Shutting down plugin 'INNODB_TRX'
2016-07-21 09:58:54 2096 [Note] Shutting down plugin 'InnoDB'
2016-07-21 09:58:54 2096 [Note] InnoDB: FTS optimize thread exiting.
2016-07-21 09:58:54 2096 [Note] InnoDB: Starting shutdown...
2016-07-21 09:58:55 2096 [Note] InnoDB: Shutdown completed; log sequence number 1826883
2016-07-21 09:58:55 2096 [Note] Shutting down plugin 'BLACKHOLE'
2016-07-21 09:58:55 2096 [Note] Shutting down plugin 'ARCHIVE'
2016-07-21 09:58:55 2096 [Note] Shutting down plugin 'MRG_MYISAM'
2016-07-21 09:58:55 2096 [Note] Shutting down plugin 'MyISAM'
2016-07-21 09:58:55 2096 [Note] Shutting down plugin 'MEMORY'
2016-07-21 09:58:55 2096 [Note] Shutting down plugin 'CSV'
2016-07-21 09:58:55 2096 [Note] Shutting down plugin 'sha256_password'
2016-07-21 09:58:55 2096 [Note] Shutting down plugin 'mysql_old_password'
2016-07-21 09:58:55 2096 [Note] Shutting down plugin 'mysql_native_password'
2016-07-21 09:58:55 2096 [Note] Shutting down plugin 'binlog'
2016-07-21 09:58:55 2096 [Note] C:\Users\ramky\Desktop\summer\wamp\mysql\bin\mysqld.exe: Shutdown complete

2016-07-21 09:58:58 3952 [Note] Plugin 'FEDERATED' is disabled.
2016-07-21 09:58:58 3952 [Note] InnoDB: Using atomics to ref count buffer pool pages
2016-07-21 09:58:58 3952 [Note] InnoDB: The InnoDB memory heap is disabled
2016-07-21 09:58:58 3952 [Note] InnoDB: Mutexes and rw_locks use Windows interlocked functions
2016-07-21 09:58:58 3952 [Note] InnoDB: Memory barrier is not used
2016-07-21 09:58:58 3952 [Note] InnoDB: Compressed tables use zlib 1.2.3
2016-07-21 09:58:58 3952 [Note] InnoDB: Not using CPU crc32 instructions
2016-07-21 09:58:58 3952 [Note] InnoDB: Initializing buffer pool, size = 128.0M
2016-07-21 09:58:58 3952 [Note] InnoDB: Completed initialization of buffer pool
2016-07-21 09:58:58 3952 [Note] InnoDB: Highest supported file format is Barracuda.
2016-07-21 09:58:58 3952 [Note] InnoDB: 128 rollback segment(s) are active.
2016-07-21 09:58:58 3952 [Note] InnoDB: Waiting for purge to start
2016-07-21 09:58:58 3952 [Note] InnoDB: 5.6.30 started; log sequence number 1826883
2016-07-21 09:58:58 3952 [Note] Server hostname (bind-address): '127.0.0.1'; port: 3306
2016-07-21 09:58:58 3952 [Note]   - '127.0.0.1' resolves to '127.0.0.1';
2016-07-21 09:58:58 3952 [Note] Server socket created on IP: '127.0.0.1'.
2016-07-21 09:59:00 3952 [Note] Event Scheduler: Loaded 0 events
2016-07-21 09:59:00 3952 [Note] C:\Users\ramky\Desktop\summer\wamp\mysql\bin\mysqld.exe: ready for connections.
Version: '5.6.30'  socket: ''  port: 3306  MySQL Community Server (GPL)
2016-07-21 10:08:50 3952 [Note] C:\Users\ramky\Desktop\summer\wamp\mysql\bin\mysqld.exe: Normal shutdown

2016-07-21 10:08:50 3952 [Note] Giving 0 client threads a chance to die gracefully
2016-07-21 10:08:50 3952 [Note] Event Scheduler: Purging the queue. 0 events
2016-07-21 10:08:50 3952 [Note] Shutting down slave threads
2016-07-21 10:08:50 3952 [Note] Forcefully disconnecting 0 remaining clients
2016-07-21 10:08:50 3952 [Note] Binlog end
2016-07-21 10:08:50 3952 [Note] Shutting down plugin 'partition'
2016-07-21 10:08:50 3952 [Note] Shutting down plugin 'PERFORMANCE_SCHEMA'
2016-07-21 10:08:50 3952 [Note] Shutting down plugin 'INNODB_SYS_DATAFILES'
2016-07-21 10:08:50 3952 [Note] Shutting down plugin 'INNODB_SYS_TABLESPACES'
2016-07-21 10:08:50 3952 [Note] Shutting down plugin 'INNODB_SYS_FOREIGN_COLS'
2016-07-21 10:08:50 3952 [Note] Shutting down plugin 'INNODB_SYS_FOREIGN'
2016-07-21 10:08:50 3952 [Note] Shutting down plugin 'INNODB_SYS_FIELDS'
2016-07-21 10:08:50 3952 [Note] Shutting down plugin 'INNODB_SYS_COLUMNS'
2016-07-21 10:08:50 3952 [Note] Shutting down plugin 'INNODB_SYS_INDEXES'
2016-07-21 10:08:50 3952 [Note] Shutting down plugin 'INNODB_SYS_TABLESTATS'
2016-07-21 10:08:50 3952 [Note] Shutting down plugin 'INNODB_SYS_TABLES'
2016-07-21 10:08:50 3952 [Note] Shutting down plugin 'INNODB_FT_INDEX_TABLE'
2016-07-21 10:08:50 3952 [Note] Shutting down plugin 'INNODB_FT_INDEX_CACHE'
2016-07-21 10:08:50 3952 [Note] Shutting down plugin 'INNODB_FT_CONFIG'
2016-07-21 10:08:50 3952 [Note] Shutting down plugin 'INNODB_FT_BEING_DELETED'
2016-07-21 10:08:50 3952 [Note] Shutting down plugin 'INNODB_FT_DELETED'
2016-07-21 10:08:50 3952 [Note] Shutting down plugin 'INNODB_FT_DEFAULT_STOPWORD'
2016-07-21 10:08:50 3952 [Note] Shutting down plugin 'INNODB_METRICS'
2016-07-21 10:08:50 3952 [Note] Shutting down plugin 'INNODB_BUFFER_POOL_STATS'
2016-07-21 10:08:50 3952 [Note] Shutting down plugin 'INNODB_BUFFER_PAGE_LRU'
2016-07-21 10:08:50 3952 [Note] Shutting down plugin 'INNODB_BUFFER_PAGE'
2016-07-21 10:08:50 3952 [Note] Shutting down plugin 'INNODB_CMP_PER_INDEX_RESET'
2016-07-21 10:08:50 3952 [Note] Shutting down plugin 'INNODB_CMP_PER_INDEX'
2016-07-21 10:08:50 3952 [Note] Shutting down plugin 'INNODB_CMPMEM_RESET'
2016-07-21 10:08:50 3952 [Note] Shutting down plugin 'INNODB_CMPMEM'
2016-07-21 10:08:50 3952 [Note] Shutting down plugin 'INNODB_CMP_RESET'
2016-07-21 10:08:50 3952 [Note] Shutting down plugin 'INNODB_CMP'
2016-07-21 10:08:50 3952 [Note] Shutting down plugin 'INNODB_LOCK_WAITS'
2016-07-21 10:08:50 3952 [Note] Shutting down plugin 'INNODB_LOCKS'
2016-07-21 10:08:50 3952 [Note] Shutting down plugin 'INNODB_TRX'
2016-07-21 10:08:50 3952 [Note] Shutting down plugin 'InnoDB'
2016-07-21 10:08:50 3952 [Note] InnoDB: FTS optimize thread exiting.
2016-07-21 10:08:50 3952 [Note] InnoDB: Starting shutdown...
2016-07-21 10:08:52 3952 [Note] InnoDB: Shutdown completed; log sequence number 1826893
2016-07-21 10:08:52 3952 [Note] Shutting down plugin 'BLACKHOLE'
2016-07-21 10:08:52 3952 [Note] Shutting down plugin 'ARCHIVE'
2016-07-21 10:08:52 3952 [Note] Shutting down plugin 'MRG_MYISAM'
2016-07-21 10:08:52 3952 [Note] Shutting down plugin 'MyISAM'
2016-07-21 10:08:52 3952 [Note] Shutting down plugin 'MEMORY'
2016-07-21 10:08:52 3952 [Note] Shutting down plugin 'CSV'
2016-07-21 10:08:52 3952 [Note] Shutting down plugin 'sha256_password'
2016-07-21 10:08:52 3952 [Note] Shutting down plugin 'mysql_old_password'
2016-07-21 10:08:52 3952 [Note] Shutting down plugin 'mysql_native_password'
2016-07-21 10:08:52 3952 [Note] Shutting down plugin 'binlog'
2016-07-21 10:08:52 3952 [Note] C:\Users\ramky\Desktop\summer\wamp\mysql\bin\mysqld.exe: Shutdown complete

2016-07-21 10:10:06 2116 [Note] Plugin 'FEDERATED' is disabled.
2016-07-21 10:10:07 2116 [Note] InnoDB: Using atomics to ref count buffer pool pages
2016-07-21 10:10:07 2116 [Note] InnoDB: The InnoDB memory heap is disabled
2016-07-21 10:10:07 2116 [Note] InnoDB: Mutexes and rw_locks use Windows interlocked functions
2016-07-21 10:10:07 2116 [Note] InnoDB: Memory barrier is not used
2016-07-21 10:10:07 2116 [Note] InnoDB: Compressed tables use zlib 1.2.3
2016-07-21 10:10:07 2116 [Note] InnoDB: Not using CPU crc32 instructions
2016-07-21 10:10:07 2116 [Note] InnoDB: Initializing buffer pool, size = 128.0M
2016-07-21 10:10:08 2116 [Note] InnoDB: Completed initialization of buffer pool
2016-07-21 10:10:08 2116 [Note] InnoDB: Highest supported file format is Barracuda.
2016-07-21 10:10:12 2116 [Note] InnoDB: 128 rollback segment(s) are active.
2016-07-21 10:10:13 2116 [Note] InnoDB: Waiting for purge to start
2016-07-21 10:10:13 2116 [Note] InnoDB: 5.6.30 started; log sequence number 1826893
2016-07-21 10:10:14 2116 [Note] Server hostname (bind-address): '127.0.0.1'; port: 3306
2016-07-21 10:10:14 2116 [Note]   - '127.0.0.1' resolves to '127.0.0.1';
2016-07-21 10:10:14 2116 [Note] Server socket created on IP: '127.0.0.1'.
2016-07-21 10:10:22 2116 [Note] Event Scheduler: Loaded 0 events
2016-07-21 10:10:22 2116 [Note] C:\Users\ramky\Desktop\summer\wamp\mysql\bin\mysqld.exe: ready for connections.
Version: '5.6.30'  socket: ''  port: 3306  MySQL Community Server (GPL)
2016-07-21 10:28:08 2116 [Note] C:\Users\ramky\Desktop\summer\wamp\mysql\bin\mysqld.exe: Normal shutdown

2016-07-21 10:28:08 2116 [Note] Giving 0 client threads a chance to die gracefully
2016-07-21 10:28:08 2116 [Note] Event Scheduler: Purging the queue. 0 events
2016-07-21 10:28:08 2116 [Note] Shutting down slave threads
2016-07-21 10:28:08 2116 [Note] Forcefully disconnecting 0 remaining clients
2016-07-21 10:28:08 2116 [Note] Binlog end
2016-07-21 10:28:08 2116 [Note] Shutting down plugin 'partition'
2016-07-21 10:28:08 2116 [Note] Shutting down plugin 'PERFORMANCE_SCHEMA'
2016-07-21 10:28:08 2116 [Note] Shutting down plugin 'INNODB_SYS_DATAFILES'
2016-07-21 10:28:08 2116 [Note] Shutting down plugin 'INNODB_SYS_TABLESPACES'
2016-07-21 10:28:08 2116 [Note] Shutting down plugin 'INNODB_SYS_FOREIGN_COLS'
2016-07-21 10:28:08 2116 [Note] Shutting down plugin 'INNODB_SYS_FOREIGN'
2016-07-21 10:28:08 2116 [Note] Shutting down plugin 'INNODB_SYS_FIELDS'
2016-07-21 10:28:08 2116 [Note] Shutting down plugin 'INNODB_SYS_COLUMNS'
2016-07-21 10:28:08 2116 [Note] Shutting down plugin 'INNODB_SYS_INDEXES'
2016-07-21 10:28:08 2116 [Note] Shutting down plugin 'INNODB_SYS_TABLESTATS'
2016-07-21 10:28:08 2116 [Note] Shutting down plugin 'INNODB_SYS_TABLES'
2016-07-21 10:28:08 2116 [Note] Shutting down plugin 'INNODB_FT_INDEX_TABLE'
2016-07-21 10:28:08 2116 [Note] Shutting down plugin 'INNODB_FT_INDEX_CACHE'
2016-07-21 10:28:08 2116 [Note] Shutting down plugin 'INNODB_FT_CONFIG'
2016-07-21 10:28:08 2116 [Note] Shutting down plugin 'INNODB_FT_BEING_DELETED'
2016-07-21 10:28:08 2116 [Note] Shutting down plugin 'INNODB_FT_DELETED'
2016-07-21 10:28:08 2116 [Note] Shutting down plugin 'INNODB_FT_DEFAULT_STOPWORD'
2016-07-21 10:28:08 2116 [Note] Shutting down plugin 'INNODB_METRICS'
2016-07-21 10:28:08 2116 [Note] Shutting down plugin 'INNODB_BUFFER_POOL_STATS'
2016-07-21 10:28:08 2116 [Note] Shutting down plugin 'INNODB_BUFFER_PAGE_LRU'
2016-07-21 10:28:08 2116 [Note] Shutting down plugin 'INNODB_BUFFER_PAGE'
2016-07-21 10:28:08 2116 [Note] Shutting down plugin 'INNODB_CMP_PER_INDEX_RESET'
2016-07-21 10:28:08 2116 [Note] Shutting down plugin 'INNODB_CMP_PER_INDEX'
2016-07-21 10:28:08 2116 [Note] Shutting down plugin 'INNODB_CMPMEM_RESET'
2016-07-21 10:28:08 2116 [Note] Shutting down plugin 'INNODB_CMPMEM'
2016-07-21 10:28:08 2116 [Note] Shutting down plugin 'INNODB_CMP_RESET'
2016-07-21 10:28:08 2116 [Note] Shutting down plugin 'INNODB_CMP'
2016-07-21 10:28:08 2116 [Note] Shutting down plugin 'INNODB_LOCK_WAITS'
2016-07-21 10:28:08 2116 [Note] Shutting down plugin 'INNODB_LOCKS'
2016-07-21 10:28:08 2116 [Note] Shutting down plugin 'INNODB_TRX'
2016-07-21 10:28:08 2116 [Note] Shutting down plugin 'InnoDB'
2016-07-21 10:28:08 2116 [Note] InnoDB: FTS optimize thread exiting.
2016-07-21 10:28:08 2116 [Note] InnoDB: Starting shutdown...
2016-07-21 10:28:10 2116 [Note] InnoDB: Shutdown completed; log sequence number 1826903
2016-07-21 10:28:10 2116 [Note] Shutting down plugin 'BLACKHOLE'
2016-07-21 10:28:10 2116 [Note] Shutting down plugin 'ARCHIVE'
2016-07-21 10:28:10 2116 [Note] Shutting down plugin 'MRG_MYISAM'
2016-07-21 10:28:10 2116 [Note] Shutting down plugin 'MyISAM'
2016-07-21 10:28:10 2116 [Note] Shutting down plugin 'MEMORY'
2016-07-21 10:28:10 2116 [Note] Shutting down plugin 'CSV'
2016-07-21 10:28:10 2116 [Note] Shutting down plugin 'sha256_password'
2016-07-21 10:28:10 2116 [Note] Shutting down plugin 'mysql_old_password'
2016-07-21 10:28:10 2116 [Note] Shutting down plugin 'mysql_native_password'
2016-07-21 10:28:10 2116 [Note] Shutting down plugin 'binlog'
2016-07-21 10:28:10 2116 [Note] C:\Users\ramky\Desktop\summer\wamp\mysql\bin\mysqld.exe: Shutdown complete

2016-07-21 10:29:05 2088 [Note] Plugin 'FEDERATED' is disabled.
2016-07-21 10:29:06 2088 [Note] InnoDB: Using atomics to ref count buffer pool pages
2016-07-21 10:29:06 2088 [Note] InnoDB: The InnoDB memory heap is disabled
2016-07-21 10:29:06 2088 [Note] InnoDB: Mutexes and rw_locks use Windows interlocked functions
2016-07-21 10:29:06 2088 [Note] InnoDB: Memory barrier is not used
2016-07-21 10:29:06 2088 [Note] InnoDB: Compressed tables use zlib 1.2.3
2016-07-21 10:29:06 2088 [Note] InnoDB: Not using CPU crc32 instructions
2016-07-21 10:29:07 2088 [Note] InnoDB: Initializing buffer pool, size = 128.0M
2016-07-21 10:29:07 2088 [Note] InnoDB: Completed initialization of buffer pool
2016-07-21 10:29:07 2088 [Note] InnoDB: Highest supported file format is Barracuda.
2016-07-21 10:29:14 2088 [Note] InnoDB: 128 rollback segment(s) are active.
2016-07-21 10:29:14 2088 [Note] InnoDB: Waiting for purge to start
2016-07-21 10:29:14 2088 [Note] InnoDB: 5.6.30 started; log sequence number 1826903
2016-07-21 10:29:15 2088 [Note] Server hostname (bind-address): '127.0.0.1'; port: 3306
2016-07-21 10:29:15 2088 [Note]   - '127.0.0.1' resolves to '127.0.0.1';
2016-07-21 10:29:15 2088 [Note] Server socket created on IP: '127.0.0.1'.
2016-07-21 10:29:28 2088 [Note] Event Scheduler: Loaded 0 events
2016-07-21 10:29:28 2088 [Note] C:\Users\ramky\Desktop\summer\wamp\mysql\bin\mysqld.exe: ready for connections.
Version: '5.6.30'  socket: ''  port: 3306  MySQL Community Server (GPL)
2016-07-21 11:16:33 2088 [Note] C:\Users\ramky\Desktop\summer\wamp\mysql\bin\mysqld.exe: Normal shutdown

2016-07-21 11:16:33 2088 [Note] Giving 0 client threads a chance to die gracefully
2016-07-21 11:16:33 2088 [Note] Event Scheduler: Purging the queue. 0 events
2016-07-21 11:16:33 2088 [Note] Shutting down slave threads
2016-07-21 11:16:33 2088 [Note] Forcefully disconnecting 0 remaining clients
2016-07-21 11:16:33 2088 [Note] Binlog end
2016-07-21 11:16:33 2088 [Note] Shutting down plugin 'partition'
2016-07-21 11:16:33 2088 [Note] Shutting down plugin 'PERFORMANCE_SCHEMA'
2016-07-21 11:16:33 2088 [Note] Shutting down plugin 'INNODB_SYS_DATAFILES'
2016-07-21 11:16:33 2088 [Note] Shutting down plugin 'INNODB_SYS_TABLESPACES'
2016-07-21 11:16:33 2088 [Note] Shutting down plugin 'INNODB_SYS_FOREIGN_COLS'
2016-07-21 11:16:33 2088 [Note] Shutting down plugin 'INNODB_SYS_FOREIGN'
2016-07-21 11:16:33 2088 [Note] Shutting down plugin 'INNODB_SYS_FIELDS'
2016-07-21 11:16:33 2088 [Note] Shutting down plugin 'INNODB_SYS_COLUMNS'
2016-07-21 11:16:33 2088 [Note] Shutting down plugin 'INNODB_SYS_INDEXES'
2016-07-21 11:16:33 2088 [Note] Shutting down plugin 'INNODB_SYS_TABLESTATS'
2016-07-21 11:16:33 2088 [Note] Shutting down plugin 'INNODB_SYS_TABLES'
2016-07-21 11:16:33 2088 [Note] Shutting down plugin 'INNODB_FT_INDEX_TABLE'
2016-07-21 11:16:33 2088 [Note] Shutting down plugin 'INNODB_FT_INDEX_CACHE'
2016-07-21 11:16:33 2088 [Note] Shutting down plugin 'INNODB_FT_CONFIG'
2016-07-21 11:16:33 2088 [Note] Shutting down plugin 'INNODB_FT_BEING_DELETED'
2016-07-21 11:16:33 2088 [Note] Shutting down plugin 'INNODB_FT_DELETED'
2016-07-21 11:16:33 2088 [Note] Shutting down plugin 'INNODB_FT_DEFAULT_STOPWORD'
2016-07-21 11:16:33 2088 [Note] Shutting down plugin 'INNODB_METRICS'
2016-07-21 11:16:33 2088 [Note] Shutting down plugin 'INNODB_BUFFER_POOL_STATS'
2016-07-21 11:16:33 2088 [Note] Shutting down plugin 'INNODB_BUFFER_PAGE_LRU'
2016-07-21 11:16:33 2088 [Note] Shutting down plugin 'INNODB_BUFFER_PAGE'
2016-07-21 11:16:33 2088 [Note] Shutting down plugin 'INNODB_CMP_PER_INDEX_RESET'
2016-07-21 11:16:33 2088 [Note] Shutting down plugin 'INNODB_CMP_PER_INDEX'
2016-07-21 11:16:33 2088 [Note] Shutting down plugin 'INNODB_CMPMEM_RESET'
2016-07-21 11:16:33 2088 [Note] Shutting down plugin 'INNODB_CMPMEM'
2016-07-21 11:16:33 2088 [Note] Shutting down plugin 'INNODB_CMP_RESET'
2016-07-21 11:16:33 2088 [Note] Shutting down plugin 'INNODB_CMP'
2016-07-21 11:16:33 2088 [Note] Shutting down plugin 'INNODB_LOCK_WAITS'
2016-07-21 11:16:33 2088 [Note] Shutting down plugin 'INNODB_LOCKS'
2016-07-21 11:16:33 2088 [Note] Shutting down plugin 'INNODB_TRX'
2016-07-21 11:16:33 2088 [Note] Shutting down plugin 'InnoDB'
2016-07-21 11:16:33 2088 [Note] InnoDB: FTS optimize thread exiting.
2016-07-21 11:16:33 2088 [Note] InnoDB: Starting shutdown...
2016-07-21 11:16:35 2088 [Note] InnoDB: Shutdown completed; log sequence number 1826913
2016-07-21 11:16:35 2088 [Note] Shutting down plugin 'BLACKHOLE'
2016-07-21 11:16:35 2088 [Note] Shutting down plugin 'ARCHIVE'
2016-07-21 11:16:35 2088 [Note] Shutting down plugin 'MRG_MYISAM'
2016-07-21 11:16:35 2088 [Note] Shutting down plugin 'MyISAM'
2016-07-21 11:16:35 2088 [Note] Shutting down plugin 'MEMORY'
2016-07-21 11:16:35 2088 [Note] Shutting down plugin 'CSV'
2016-07-21 11:16:35 2088 [Note] Shutting down plugin 'sha256_password'
2016-07-21 11:16:35 2088 [Note] Shutting down plugin 'mysql_old_password'
2016-07-21 11:16:35 2088 [Note] Shutting down plugin 'mysql_native_password'
2016-07-21 11:16:35 2088 [Note] Shutting down plugin 'binlog'
2016-07-21 11:16:35 2088 [Note] C:\Users\ramky\Desktop\summer\wamp\mysql\bin\mysqld.exe: Shutdown complete

2016-07-21 11:17:54 1876 [Note] Plugin 'FEDERATED' is disabled.
2016-07-21 11:17:55 1876 [Note] InnoDB: Using atomics to ref count buffer pool pages
2016-07-21 11:17:55 1876 [Note] InnoDB: The InnoDB memory heap is disabled
2016-07-21 11:17:55 1876 [Note] InnoDB: Mutexes and rw_locks use Windows interlocked functions
2016-07-21 11:17:55 1876 [Note] InnoDB: Memory barrier is not used
2016-07-21 11:17:55 1876 [Note] InnoDB: Compressed tables use zlib 1.2.3
2016-07-21 11:17:55 1876 [Note] InnoDB: Not using CPU crc32 instructions
2016-07-21 11:17:55 1876 [Note] InnoDB: Initializing buffer pool, size = 128.0M
2016-07-21 11:17:55 1876 [Note] InnoDB: Completed initialization of buffer pool
2016-07-21 11:17:56 1876 [Note] InnoDB: Highest supported file format is Barracuda.
2016-07-21 11:18:00 1876 [Note] InnoDB: 128 rollback segment(s) are active.
2016-07-21 11:18:00 1876 [Note] InnoDB: Waiting for purge to start
2016-07-21 11:18:01 1876 [Note] InnoDB: 5.6.30 started; log sequence number 1826913
2016-07-21 11:18:01 1876 [Note] Server hostname (bind-address): '127.0.0.1'; port: 3306
2016-07-21 11:18:01 1876 [Note]   - '127.0.0.1' resolves to '127.0.0.1';
2016-07-21 11:18:01 1876 [Note] Server socket created on IP: '127.0.0.1'.
2016-07-21 11:18:09 1876 [Note] Event Scheduler: Loaded 0 events
2016-07-21 11:18:09 1876 [Note] C:\Users\ramky\Desktop\summer\wamp\mysql\bin\mysqld.exe: ready for connections.
Version: '5.6.30'  socket: ''  port: 3306  MySQL Community Server (GPL)
2016-07-26 12:08:03 1876 [Note] C:\Users\ramky\Desktop\summer\wamp\mysql\bin\mysqld.exe: Normal shutdown

2016-07-26 12:08:03 1876 [Note] Giving 0 client threads a chance to die gracefully
2016-07-26 12:08:03 1876 [Note] Event Scheduler: Purging the queue. 0 events
2016-07-26 12:08:03 1876 [Note] Shutting down slave threads
2016-07-26 12:08:04 1876 [Note] Forcefully disconnecting 0 remaining clients
2016-07-26 12:08:04 1876 [Note] Binlog end
2016-07-26 12:08:04 1876 [Note] Shutting down plugin 'partition'
2016-07-26 12:08:04 1876 [Note] Shutting down plugin 'PERFORMANCE_SCHEMA'
2016-07-26 12:08:04 1876 [Note] Shutting down plugin 'INNODB_SYS_DATAFILES'
2016-07-26 12:08:04 1876 [Note] Shutting down plugin 'INNODB_SYS_TABLESPACES'
2016-07-26 12:08:04 1876 [Note] Shutting down plugin 'INNODB_SYS_FOREIGN_COLS'
2016-07-26 12:08:04 1876 [Note] Shutting down plugin 'INNODB_SYS_FOREIGN'
2016-07-26 12:08:04 1876 [Note] Shutting down plugin 'INNODB_SYS_FIELDS'
2016-07-26 12:08:04 1876 [Note] Shutting down plugin 'INNODB_SYS_COLUMNS'
2016-07-26 12:08:04 1876 [Note] Shutting down plugin 'INNODB_SYS_INDEXES'
2016-07-26 12:08:04 1876 [Note] Shutting down plugin 'INNODB_SYS_TABLESTATS'
2016-07-26 12:08:04 1876 [Note] Shutting down plugin 'INNODB_SYS_TABLES'
2016-07-26 12:08:04 1876 [Note] Shutting down plugin 'INNODB_FT_INDEX_TABLE'
2016-07-26 12:08:04 1876 [Note] Shutting down plugin 'INNODB_FT_INDEX_CACHE'
2016-07-26 12:08:04 1876 [Note] Shutting down plugin 'INNODB_FT_CONFIG'
2016-07-26 12:08:04 1876 [Note] Shutting down plugin 'INNODB_FT_BEING_DELETED'
2016-07-26 12:08:04 1876 [Note] Shutting down plugin 'INNODB_FT_DELETED'
2016-07-26 12:08:04 1876 [Note] Shutting down plugin 'INNODB_FT_DEFAULT_STOPWORD'
2016-07-26 12:08:04 1876 [Note] Shutting down plugin 'INNODB_METRICS'
2016-07-26 12:08:04 1876 [Note] Shutting down plugin 'INNODB_BUFFER_POOL_STATS'
2016-07-26 12:08:04 1876 [Note] Shutting down plugin 'INNODB_BUFFER_PAGE_LRU'
2016-07-26 12:08:04 1876 [Note] Shutting down plugin 'INNODB_BUFFER_PAGE'
2016-07-26 12:08:04 1876 [Note] Shutting down plugin 'INNODB_CMP_PER_INDEX_RESET'
2016-07-26 12:08:04 1876 [Note] Shutting down plugin 'INNODB_CMP_PER_INDEX'
2016-07-26 12:08:04 1876 [Note] Shutting down plugin 'INNODB_CMPMEM_RESET'
2016-07-26 12:08:04 1876 [Note] Shutting down plugin 'INNODB_CMPMEM'
2016-07-26 12:08:04 1876 [Note] Shutting down plugin 'INNODB_CMP_RESET'
2016-07-26 12:08:04 1876 [Note] Shutting down plugin 'INNODB_CMP'
2016-07-26 12:08:04 1876 [Note] Shutting down plugin 'INNODB_LOCK_WAITS'
2016-07-26 12:08:04 1876 [Note] Shutting down plugin 'INNODB_LOCKS'
2016-07-26 12:08:04 1876 [Note] Shutting down plugin 'INNODB_TRX'
2016-07-26 12:08:04 1876 [Note] Shutting down plugin 'InnoDB'
2016-07-26 12:08:04 1876 [Note] InnoDB: FTS optimize thread exiting.
2016-07-26 12:08:04 1876 [Note] InnoDB: Starting shutdown...
2016-07-26 12:08:06 1876 [Note] InnoDB: Shutdown completed; log sequence number 1826923
2016-07-26 12:08:06 1876 [Note] Shutting down plugin 'BLACKHOLE'
2016-07-26 12:08:06 1876 [Note] Shutting down plugin 'ARCHIVE'
2016-07-26 12:08:06 1876 [Note] Shutting down plugin 'MRG_MYISAM'
2016-07-26 12:08:06 1876 [Note] Shutting down plugin 'MyISAM'
2016-07-26 12:08:06 1876 [Note] Shutting down plugin 'MEMORY'
2016-07-26 12:08:06 1876 [Note] Shutting down plugin 'CSV'
2016-07-26 12:08:06 1876 [Note] Shutting down plugin 'sha256_password'
2016-07-26 12:08:06 1876 [Note] Shutting down plugin 'mysql_old_password'
2016-07-26 12:08:06 1876 [Note] Shutting down plugin 'mysql_native_password'
2016-07-26 12:08:06 1876 [Note] Shutting down plugin 'binlog'
2016-07-26 12:08:06 1876 [Note] C:\Users\ramky\Desktop\summer\wamp\mysql\bin\mysqld.exe: Shutdown complete

2016-07-26 12:08:58 2428 [Note] Plugin 'FEDERATED' is disabled.
2016-07-26 12:08:58 2428 [Note] InnoDB: Using atomics to ref count buffer pool pages
2016-07-26 12:08:58 2428 [Note] InnoDB: The InnoDB memory heap is disabled
2016-07-26 12:08:58 2428 [Note] InnoDB: Mutexes and rw_locks use Windows interlocked functions
2016-07-26 12:08:58 2428 [Note] InnoDB: Memory barrier is not used
2016-07-26 12:08:58 2428 [Note] InnoDB: Compressed tables use zlib 1.2.3
2016-07-26 12:08:59 2428 [Note] InnoDB: Not using CPU crc32 instructions
2016-07-26 12:08:59 2428 [Note] InnoDB: Initializing buffer pool, size = 128.0M
2016-07-26 12:08:59 2428 [Note] InnoDB: Completed initialization of buffer pool
2016-07-26 12:08:59 2428 [Note] InnoDB: Highest supported file format is Barracuda.
2016-07-26 12:09:01 2428 [Note] InnoDB: 128 rollback segment(s) are active.
2016-07-26 12:09:01 2428 [Note] InnoDB: Waiting for purge to start
2016-07-26 12:09:01 2428 [Note] InnoDB: 5.6.30 started; log sequence number 1826923
2016-07-26 12:09:01 2428 [Note] Server hostname (bind-address): '127.0.0.1'; port: 3306
2016-07-26 12:09:02 2428 [Note]   - '127.0.0.1' resolves to '127.0.0.1';
2016-07-26 12:09:02 2428 [Note] Server socket created on IP: '127.0.0.1'.
2016-07-26 12:09:05 2428 [Note] Event Scheduler: Loaded 0 events
2016-07-26 12:09:05 2428 [Note] C:\Users\ramky\Desktop\summer\wamp\mysql\bin\mysqld.exe: ready for connections.
Version: '5.6.30'  socket: ''  port: 3306  MySQL Community Server (GPL)
2016-08-06 10:15:39 2136 [Note] Plugin 'FEDERATED' is disabled.
2016-08-06 10:15:41 2136 [Note] InnoDB: Using atomics to ref count buffer pool pages
2016-08-06 10:15:41 2136 [Note] InnoDB: The InnoDB memory heap is disabled
2016-08-06 10:15:41 2136 [Note] InnoDB: Mutexes and rw_locks use Windows interlocked functions
2016-08-06 10:15:41 2136 [Note] InnoDB: Memory barrier is not used
2016-08-06 10:15:41 2136 [Note] InnoDB: Compressed tables use zlib 1.2.3
2016-08-06 10:15:41 2136 [Note] InnoDB: Not using CPU crc32 instructions
2016-08-06 10:15:41 2136 [Note] InnoDB: Initializing buffer pool, size = 128.0M
2016-08-06 10:15:41 2136 [Note] InnoDB: Completed initialization of buffer pool
2016-08-06 10:15:41 2136 [Note] InnoDB: Highest supported file format is Barracuda.
2016-08-06 10:15:42 2136 [Note] InnoDB: The log sequence numbers 1826923 and 1826923 in ibdata files do not match the log sequence number 1831095 in the ib_logfiles!
2016-08-06 10:15:42 2136 [Note] InnoDB: Database was not shutdown normally!
2016-08-06 10:15:42 2136 [Note] InnoDB: Starting crash recovery.
2016-08-06 10:15:42 2136 [Note] InnoDB: Reading tablespace information from the .ibd files...
2016-08-06 10:15:46 2136 [Note] InnoDB: Restoring possible half-written data pages 
2016-08-06 10:15:46 2136 [Note] InnoDB: from the doublewrite buffer...
2016-08-06 10:15:53 2136 [Note] InnoDB: 128 rollback segment(s) are active.
2016-08-06 10:15:53 2136 [Note] InnoDB: Waiting for purge to start
2016-08-06 10:15:53 2136 [Note] InnoDB: 5.6.30 started; log sequence number 1831095
2016-08-06 10:15:54 2136 [Note] Server hostname (bind-address): '127.0.0.1'; port: 3306
2016-08-06 10:15:54 2136 [Note]   - '127.0.0.1' resolves to '127.0.0.1';
2016-08-06 10:15:54 2136 [Note] Server socket created on IP: '127.0.0.1'.
2016-08-06 10:16:04 2136 [Note] Event Scheduler: Loaded 0 events
2016-08-06 10:16:04 2136 [Note] C:\Users\ramky\Desktop\summer\wamp\mysql\bin\mysqld.exe: ready for connections.
Version: '5.6.30'  socket: ''  port: 3306  MySQL Community Server (GPL)
2016-08-11 20:17:44 2136 [Note] C:\Users\ramky\Desktop\summer\wamp\mysql\bin\mysqld.exe: Normal shutdown

2016-08-11 20:17:46 2136 [Note] Giving 0 client threads a chance to die gracefully
2016-08-11 20:17:46 2136 [Note] Event Scheduler: Purging the queue. 0 events
2016-08-11 20:17:46 2136 [Note] Shutting down slave threads
2016-08-11 20:17:46 2136 [Note] Forcefully disconnecting 0 remaining clients
2016-08-11 20:17:46 2136 [Note] Binlog end
2016-08-11 20:17:47 2136 [Note] Shutting down plugin 'partition'
2016-08-11 20:17:47 2136 [Note] Shutting down plugin 'PERFORMANCE_SCHEMA'
2016-08-11 20:17:47 2136 [Note] Shutting down plugin 'INNODB_SYS_DATAFILES'
2016-08-11 20:17:47 2136 [Note] Shutting down plugin 'INNODB_SYS_TABLESPACES'
2016-08-11 20:17:47 2136 [Note] Shutting down plugin 'INNODB_SYS_FOREIGN_COLS'
2016-08-11 20:17:47 2136 [Note] Shutting down plugin 'INNODB_SYS_FOREIGN'
2016-08-11 20:17:47 2136 [Note] Shutting down plugin 'INNODB_SYS_FIELDS'
2016-08-11 20:17:47 2136 [Note] Shutting down plugin 'INNODB_SYS_COLUMNS'
2016-08-11 20:17:47 2136 [Note] Shutting down plugin 'INNODB_SYS_INDEXES'
2016-08-11 20:17:47 2136 [Note] Shutting down plugin 'INNODB_SYS_TABLESTATS'
2016-08-11 20:17:47 2136 [Note] Shutting down plugin 'INNODB_SYS_TABLES'
2016-08-11 20:17:47 2136 [Note] Shutting down plugin 'INNODB_FT_INDEX_TABLE'
2016-08-11 20:17:47 2136 [Note] Shutting down plugin 'INNODB_FT_INDEX_CACHE'
2016-08-11 20:17:47 2136 [Note] Shutting down plugin 'INNODB_FT_CONFIG'
2016-08-11 20:17:47 2136 [Note] Shutting down plugin 'INNODB_FT_BEING_DELETED'
2016-08-11 20:17:47 2136 [Note] Shutting down plugin 'INNODB_FT_DELETED'
2016-08-11 20:17:47 2136 [Note] Shutting down plugin 'INNODB_FT_DEFAULT_STOPWORD'
2016-08-11 20:17:47 2136 [Note] Shutting down plugin 'INNODB_METRICS'
2016-08-11 20:17:47 2136 [Note] Shutting down plugin 'INNODB_BUFFER_POOL_STATS'
2016-08-11 20:17:47 2136 [Note] Shutting down plugin 'INNODB_BUFFER_PAGE_LRU'
2016-08-11 20:17:47 2136 [Note] Shutting down plugin 'INNODB_BUFFER_PAGE'
2016-08-11 20:17:47 2136 [Note] Shutting down plugin 'INNODB_CMP_PER_INDEX_RESET'
2016-08-11 20:17:47 2136 [Note] Shutting down plugin 'INNODB_CMP_PER_INDEX'
2016-08-11 20:17:47 2136 [Note] Shutting down plugin 'INNODB_CMPMEM_RESET'
2016-08-11 20:17:47 2136 [Note] Shutting down plugin 'INNODB_CMPMEM'
2016-08-11 20:17:47 2136 [Note] Shutting down plugin 'INNODB_CMP_RESET'
2016-08-11 20:17:47 2136 [Note] Shutting down plugin 'INNODB_CMP'
2016-08-11 20:17:47 2136 [Note] Shutting down plugin 'INNODB_LOCK_WAITS'
2016-08-11 20:17:47 2136 [Note] Shutting down plugin 'INNODB_LOCKS'
2016-08-11 20:17:47 2136 [Note] Shutting down plugin 'INNODB_TRX'
2016-08-11 20:17:47 2136 [Note] Shutting down plugin 'InnoDB'
2016-08-11 20:17:47 2136 [Note] InnoDB: FTS optimize thread exiting.
2016-08-11 20:17:47 2136 [Note] InnoDB: Starting shutdown...
2016-08-11 20:17:52 2136 [Note] InnoDB: Shutdown completed; log sequence number 1831105
2016-08-11 20:17:52 2136 [Note] Shutting down plugin 'BLACKHOLE'
2016-08-11 20:17:52 2136 [Note] Shutting down plugin 'ARCHIVE'
2016-08-11 20:17:52 2136 [Note] Shutting down plugin 'MRG_MYISAM'
2016-08-11 20:17:52 2136 [Note] Shutting down plugin 'MyISAM'
2016-08-11 20:17:53 2136 [Note] Shutting down plugin 'MEMORY'
2016-08-11 20:17:53 2136 [Note] Shutting down plugin 'CSV'
2016-08-11 20:17:53 2136 [Note] Shutting down plugin 'sha256_password'
2016-08-11 20:17:53 2136 [Note] Shutting down plugin 'mysql_old_password'
2016-08-11 20:17:53 2136 [Note] Shutting down plugin 'mysql_native_password'
2016-08-11 20:17:53 2136 [Note] Shutting down plugin 'binlog'
2016-08-11 20:17:53 2136 [Note] C:\Users\ramky\Desktop\summer\wamp\mysql\bin\mysqld.exe: Shutdown complete

2016-08-11 20:19:21 2384 [Note] Plugin 'FEDERATED' is disabled.
2016-08-11 20:19:22 2384 [Note] InnoDB: Using atomics to ref count buffer pool pages
2016-08-11 20:19:22 2384 [Note] InnoDB: The InnoDB memory heap is disabled
2016-08-11 20:19:22 2384 [Note] InnoDB: Mutexes and rw_locks use Windows interlocked functions
2016-08-11 20:19:22 2384 [Note] InnoDB: Memory barrier is not used
2016-08-11 20:19:22 2384 [Note] InnoDB: Compressed tables use zlib 1.2.3
2016-08-11 20:19:22 2384 [Note] InnoDB: Not using CPU crc32 instructions
2016-08-11 20:19:23 2384 [Note] InnoDB: Initializing buffer pool, size = 128.0M
2016-08-11 20:19:23 2384 [Note] InnoDB: Completed initialization of buffer pool
2016-08-11 20:19:24 2384 [Note] InnoDB: Highest supported file format is Barracuda.
2016-08-11 20:19:27 2384 [Note] InnoDB: 128 rollback segment(s) are active.
2016-08-11 20:19:27 2384 [Note] InnoDB: Waiting for purge to start
2016-08-11 20:19:27 2384 [Note] InnoDB: 5.6.30 started; log sequence number 1831105
2016-08-11 20:19:27 2384 [Note] Server hostname (bind-address): '127.0.0.1'; port: 3306
2016-08-11 20:19:28 2384 [Note]   - '127.0.0.1' resolves to '127.0.0.1';
2016-08-11 20:19:28 2384 [Note] Server socket created on IP: '127.0.0.1'.
2016-08-11 20:19:34 2384 [Note] Event Scheduler: Loaded 0 events
2016-08-11 20:19:34 2384 [Note] C:\Users\ramky\Desktop\summer\wamp\mysql\bin\mysqld.exe: ready for connections.
Version: '5.6.30'  socket: ''  port: 3306  MySQL Community Server (GPL)
2016-08-15 12:51:24 2384 [Note] C:\Users\ramky\Desktop\summer\wamp\mysql\bin\mysqld.exe: Normal shutdown

2016-08-15 12:51:26 2384 [Note] Giving 0 client threads a chance to die gracefully
2016-08-15 12:51:26 2384 [Note] Event Scheduler: Purging the queue. 0 events
2016-08-15 12:51:26 2384 [Note] Shutting down slave threads
2016-08-15 12:51:26 2384 [Note] Forcefully disconnecting 0 remaining clients
2016-08-15 12:51:26 2384 [Note] Binlog end
2016-08-15 12:51:27 2384 [Note] Shutting down plugin 'partition'
2016-08-15 12:51:27 2384 [Note] Shutting down plugin 'PERFORMANCE_SCHEMA'
2016-08-15 12:51:28 2384 [Note] Shutting down plugin 'INNODB_SYS_DATAFILES'
2016-08-15 12:51:28 2384 [Note] Shutting down plugin 'INNODB_SYS_TABLESPACES'
2016-08-15 12:51:28 2384 [Note] Shutting down plugin 'INNODB_SYS_FOREIGN_COLS'
2016-08-15 12:51:28 2384 [Note] Shutting down plugin 'INNODB_SYS_FOREIGN'
2016-08-15 12:51:28 2384 [Note] Shutting down plugin 'INNODB_SYS_FIELDS'
2016-08-15 12:51:28 2384 [Note] Shutting down plugin 'INNODB_SYS_COLUMNS'
2016-08-15 12:51:28 2384 [Note] Shutting down plugin 'INNODB_SYS_INDEXES'
2016-08-15 12:51:28 2384 [Note] Shutting down plugin 'INNODB_SYS_TABLESTATS'
2016-08-15 12:51:28 2384 [Note] Shutting down plugin 'INNODB_SYS_TABLES'
2016-08-15 12:51:28 2384 [Note] Shutting down plugin 'INNODB_FT_INDEX_TABLE'
2016-08-15 12:51:28 2384 [Note] Shutting down plugin 'INNODB_FT_INDEX_CACHE'
2016-08-15 12:51:28 2384 [Note] Shutting down plugin 'INNODB_FT_CONFIG'
2016-08-15 12:51:28 2384 [Note] Shutting down plugin 'INNODB_FT_BEING_DELETED'
2016-08-15 12:51:28 2384 [Note] Shutting down plugin 'INNODB_FT_DELETED'
2016-08-15 12:51:28 2384 [Note] Shutting down plugin 'INNODB_FT_DEFAULT_STOPWORD'
2016-08-15 12:51:28 2384 [Note] Shutting down plugin 'INNODB_METRICS'
2016-08-15 12:51:28 2384 [Note] Shutting down plugin 'INNODB_BUFFER_POOL_STATS'
2016-08-15 12:51:28 2384 [Note] Shutting down plugin 'INNODB_BUFFER_PAGE_LRU'
2016-08-15 12:51:28 2384 [Note] Shutting down plugin 'INNODB_BUFFER_PAGE'
2016-08-15 12:51:28 2384 [Note] Shutting down plugin 'INNODB_CMP_PER_INDEX_RESET'
2016-08-15 12:51:28 2384 [Note] Shutting down plugin 'INNODB_CMP_PER_INDEX'
2016-08-15 12:51:28 2384 [Note] Shutting down plugin 'INNODB_CMPMEM_RESET'
2016-08-15 12:51:28 2384 [Note] Shutting down plugin 'INNODB_CMPMEM'
2016-08-15 12:51:28 2384 [Note] Shutting down plugin 'INNODB_CMP_RESET'
2016-08-15 12:51:28 2384 [Note] Shutting down plugin 'INNODB_CMP'
2016-08-15 12:51:28 2384 [Note] Shutting down plugin 'INNODB_LOCK_WAITS'
2016-08-15 12:51:28 2384 [Note] Shutting down plugin 'INNODB_LOCKS'
2016-08-15 12:51:28 2384 [Note] Shutting down plugin 'INNODB_TRX'
2016-08-15 12:51:28 2384 [Note] Shutting down plugin 'InnoDB'
2016-08-15 12:51:28 2384 [Note] InnoDB: FTS optimize thread exiting.
2016-08-15 12:51:28 2384 [Note] InnoDB: Starting shutdown...
2016-08-15 12:51:38 2384 [Note] InnoDB: Shutdown completed; log sequence number 1831247
2016-08-15 12:51:38 2384 [Note] Shutting down plugin 'BLACKHOLE'
2016-08-15 12:51:38 2384 [Note] Shutting down plugin 'ARCHIVE'
2016-08-15 12:51:38 2384 [Note] Shutting down plugin 'MRG_MYISAM'
2016-08-15 12:51:38 2384 [Note] Shutting down plugin 'MyISAM'
2016-08-15 12:51:38 2384 [Note] Shutting down plugin 'MEMORY'
2016-08-15 12:51:39 2384 [Note] Shutting down plugin 'CSV'
2016-08-15 12:51:39 2384 [Note] Shutting down plugin 'sha256_password'
2016-08-15 12:51:39 2384 [Note] Shutting down plugin 'mysql_old_password'
2016-08-15 12:51:39 2384 [Note] Shutting down plugin 'mysql_native_password'
2016-08-15 12:51:39 2384 [Note] Shutting down plugin 'binlog'
2016-08-15 12:51:39 2384 [Note] C:\Users\ramky\Desktop\summer\wamp\mysql\bin\mysqld.exe: Shutdown complete

2016-08-15 12:53:02 1616 [Note] Plugin 'FEDERATED' is disabled.
2016-08-15 12:53:04 1616 [Note] InnoDB: Using atomics to ref count buffer pool pages
2016-08-15 12:53:04 1616 [Note] InnoDB: The InnoDB memory heap is disabled
2016-08-15 12:53:04 1616 [Note] InnoDB: Mutexes and rw_locks use Windows interlocked functions
2016-08-15 12:53:04 1616 [Note] InnoDB: Memory barrier is not used
2016-08-15 12:53:04 1616 [Note] InnoDB: Compressed tables use zlib 1.2.3
2016-08-15 12:53:05 1616 [Note] InnoDB: Not using CPU crc32 instructions
2016-08-15 12:53:05 1616 [Note] InnoDB: Initializing buffer pool, size = 128.0M
2016-08-15 12:53:05 1616 [Note] InnoDB: Completed initialization of buffer pool
2016-08-15 12:53:06 1616 [Note] InnoDB: Highest supported file format is Barracuda.
2016-08-15 12:53:10 1616 [Note] InnoDB: 128 rollback segment(s) are active.
2016-08-15 12:53:10 1616 [Note] InnoDB: Waiting for purge to start
2016-08-15 12:53:11 1616 [Note] InnoDB: 5.6.30 started; log sequence number 1831247
2016-08-15 12:53:11 1616 [Note] Server hostname (bind-address): '127.0.0.1'; port: 3306
2016-08-15 12:53:11 1616 [Note]   - '127.0.0.1' resolves to '127.0.0.1';
2016-08-15 12:53:11 1616 [Note] Server socket created on IP: '127.0.0.1'.
2016-08-15 12:53:15 1616 [Note] Event Scheduler: Loaded 0 events
2016-08-15 12:53:15 1616 [Note] C:\Users\ramky\Desktop\summer\wamp\mysql\bin\mysqld.exe: ready for connections.
Version: '5.6.30'  socket: ''  port: 3306  MySQL Community Server (GPL)
2016-08-16 13:31:01 1616 [Note] C:\Users\ramky\Desktop\summer\wamp\mysql\bin\mysqld.exe: Normal shutdown

2016-08-16 13:31:01 1616 [Note] Giving 0 client threads a chance to die gracefully
2016-08-16 13:31:01 1616 [Note] Event Scheduler: Purging the queue. 0 events
2016-08-16 13:31:01 1616 [Note] Shutting down slave threads
2016-08-16 13:31:01 1616 [Note] Forcefully disconnecting 0 remaining clients
2016-08-16 13:31:01 1616 [Note] Binlog end
2016-08-16 13:31:02 1616 [Note] Shutting down plugin 'partition'
2016-08-16 13:31:02 1616 [Note] Shutting down plugin 'PERFORMANCE_SCHEMA'
2016-08-16 13:31:02 1616 [Note] Shutting down plugin 'INNODB_SYS_DATAFILES'
2016-08-16 13:31:02 1616 [Note] Shutting down plugin 'INNODB_SYS_TABLESPACES'
2016-08-16 13:31:02 1616 [Note] Shutting down plugin 'INNODB_SYS_FOREIGN_COLS'
2016-08-16 13:31:02 1616 [Note] Shutting down plugin 'INNODB_SYS_FOREIGN'
2016-08-16 13:31:02 1616 [Note] Shutting down plugin 'INNODB_SYS_FIELDS'
2016-08-16 13:31:02 1616 [Note] Shutting down plugin 'INNODB_SYS_COLUMNS'
2016-08-16 13:31:02 1616 [Note] Shutting down plugin 'INNODB_SYS_INDEXES'
2016-08-16 13:31:02 1616 [Note] Shutting down plugin 'INNODB_SYS_TABLESTATS'
2016-08-16 13:31:02 1616 [Note] Shutting down plugin 'INNODB_SYS_TABLES'
2016-08-16 13:31:02 1616 [Note] Shutting down plugin 'INNODB_FT_INDEX_TABLE'
2016-08-16 13:31:02 1616 [Note] Shutting down plugin 'INNODB_FT_INDEX_CACHE'
2016-08-16 13:31:02 1616 [Note] Shutting down plugin 'INNODB_FT_CONFIG'
2016-08-16 13:31:02 1616 [Note] Shutting down plugin 'INNODB_FT_BEING_DELETED'
2016-08-16 13:31:02 1616 [Note] Shutting down plugin 'INNODB_FT_DELETED'
2016-08-16 13:31:02 1616 [Note] Shutting down plugin 'INNODB_FT_DEFAULT_STOPWORD'
2016-08-16 13:31:02 1616 [Note] Shutting down plugin 'INNODB_METRICS'
2016-08-16 13:31:02 1616 [Note] Shutting down plugin 'INNODB_BUFFER_POOL_STATS'
2016-08-16 13:31:02 1616 [Note] Shutting down plugin 'INNODB_BUFFER_PAGE_LRU'
2016-08-16 13:31:02 1616 [Note] Shutting down plugin 'INNODB_BUFFER_PAGE'
2016-08-16 13:31:02 1616 [Note] Shutting down plugin 'INNODB_CMP_PER_INDEX_RESET'
2016-08-16 13:31:02 1616 [Note] Shutting down plugin 'INNODB_CMP_PER_INDEX'
2016-08-16 13:31:02 1616 [Note] Shutting down plugin 'INNODB_CMPMEM_RESET'
2016-08-16 13:31:02 1616 [Note] Shutting down plugin 'INNODB_CMPMEM'
2016-08-16 13:31:02 1616 [Note] Shutting down plugin 'INNODB_CMP_RESET'
2016-08-16 13:31:02 1616 [Note] Shutting down plugin 'INNODB_CMP'
2016-08-16 13:31:02 1616 [Note] Shutting down plugin 'INNODB_LOCK_WAITS'
2016-08-16 13:31:02 1616 [Note] Shutting down plugin 'INNODB_LOCKS'
2016-08-16 13:31:02 1616 [Note] Shutting down plugin 'INNODB_TRX'
2016-08-16 13:31:02 1616 [Note] Shutting down plugin 'InnoDB'
2016-08-16 13:31:02 1616 [Note] InnoDB: FTS optimize thread exiting.
2016-08-16 13:31:02 1616 [Note] InnoDB: Starting shutdown...
2016-08-16 13:31:06 1616 [Note] InnoDB: Shutdown completed; log sequence number 1831257
2016-08-16 13:31:06 1616 [Note] Shutting down plugin 'BLACKHOLE'
2016-08-16 13:31:06 1616 [Note] Shutting down plugin 'ARCHIVE'
2016-08-16 13:31:06 1616 [Note] Shutting down plugin 'MRG_MYISAM'
2016-08-16 13:31:06 1616 [Note] Shutting down plugin 'MyISAM'
2016-08-16 13:31:07 1616 [Note] Shutting down plugin 'MEMORY'
2016-08-16 13:31:07 1616 [Note] Shutting down plugin 'CSV'
2016-08-16 13:31:07 1616 [Note] Shutting down plugin 'sha256_password'
2016-08-16 13:31:07 1616 [Note] Shutting down plugin 'mysql_old_password'
2016-08-16 13:31:07 1616 [Note] Shutting down plugin 'mysql_native_password'
2016-08-16 13:31:07 1616 [Note] Shutting down plugin 'binlog'
2016-08-16 13:31:07 1616 [Note] C:\Users\ramky\Desktop\summer\wamp\mysql\bin\mysqld.exe: Shutdown complete

2016-08-16 13:32:06 2384 [Note] Plugin 'FEDERATED' is disabled.
2016-08-16 13:32:06 2384 [Note] InnoDB: Using atomics to ref count buffer pool pages
2016-08-16 13:32:06 2384 [Note] InnoDB: The InnoDB memory heap is disabled
2016-08-16 13:32:06 2384 [Note] InnoDB: Mutexes and rw_locks use Windows interlocked functions
2016-08-16 13:32:06 2384 [Note] InnoDB: Memory barrier is not used
2016-08-16 13:32:06 2384 [Note] InnoDB: Compressed tables use zlib 1.2.3
2016-08-16 13:32:06 2384 [Note] InnoDB: Not using CPU crc32 instructions
2016-08-16 13:32:06 2384 [Note] InnoDB: Initializing buffer pool, size = 128.0M
2016-08-16 13:32:06 2384 [Note] InnoDB: Completed initialization of buffer pool
2016-08-16 13:32:06 2384 [Note] InnoDB: Highest supported file format is Barracuda.
2016-08-16 13:32:09 2384 [Note] InnoDB: 128 rollback segment(s) are active.
2016-08-16 13:32:09 2384 [Note] InnoDB: Waiting for purge to start
2016-08-16 13:32:09 2384 [Note] InnoDB: 5.6.30 started; log sequence number 1831257
2016-08-16 13:32:09 2384 [Note] Server hostname (bind-address): '127.0.0.1'; port: 3306
2016-08-16 13:32:09 2384 [Note]   - '127.0.0.1' resolves to '127.0.0.1';
2016-08-16 13:32:09 2384 [Note] Server socket created on IP: '127.0.0.1'.
2016-08-16 13:32:13 2384 [Note] Event Scheduler: Loaded 0 events
2016-08-16 13:32:13 2384 [Note] C:\Users\ramky\Desktop\summer\wamp\mysql\bin\mysqld.exe: ready for connections.
Version: '5.6.30'  socket: ''  port: 3306  MySQL Community Server (GPL)
2016-08-25 16:15:37 2172 [Note] Plugin 'FEDERATED' is disabled.
2016-08-25 16:15:39 2172 [Note] InnoDB: Using atomics to ref count buffer pool pages
2016-08-25 16:15:39 2172 [Note] InnoDB: The InnoDB memory heap is disabled
2016-08-25 16:15:39 2172 [Note] InnoDB: Mutexes and rw_locks use Windows interlocked functions
2016-08-25 16:15:39 2172 [Note] InnoDB: Memory barrier is not used
2016-08-25 16:15:39 2172 [Note] InnoDB: Compressed tables use zlib 1.2.3
2016-08-25 16:15:39 2172 [Note] InnoDB: Not using CPU crc32 instructions
2016-08-25 16:15:40 2172 [Note] InnoDB: Initializing buffer pool, size = 128.0M
2016-08-25 16:15:40 2172 [Note] InnoDB: Completed initialization of buffer pool
2016-08-25 16:15:41 2172 [Note] InnoDB: Highest supported file format is Barracuda.
2016-08-25 16:15:41 2172 [Note] InnoDB: The log sequence numbers 1831257 and 1831257 in ibdata files do not match the log sequence number 1831267 in the ib_logfiles!
2016-08-25 16:15:41 2172 [Note] InnoDB: Database was not shutdown normally!
2016-08-25 16:15:41 2172 [Note] InnoDB: Starting crash recovery.
2016-08-25 16:15:41 2172 [Note] InnoDB: Reading tablespace information from the .ibd files...
2016-08-25 16:15:51 2172 [Note] InnoDB: Restoring possible half-written data pages 
2016-08-25 16:15:51 2172 [Note] InnoDB: from the doublewrite buffer...
2016-08-25 16:15:56 2172 [Note] InnoDB: 128 rollback segment(s) are active.
2016-08-25 16:15:56 2172 [Note] InnoDB: Waiting for purge to start
2016-08-25 16:15:56 2172 [Note] InnoDB: 5.6.30 started; log sequence number 1831267
2016-08-25 16:15:56 2172 [Note] Server hostname (bind-address): '127.0.0.1'; port: 3306
2016-08-25 16:15:56 2172 [Note]   - '127.0.0.1' resolves to '127.0.0.1';
2016-08-25 16:15:56 2172 [Note] Server socket created on IP: '127.0.0.1'.
2016-08-25 16:16:02 2172 [Note] Event Scheduler: Loaded 0 events
2016-08-25 16:16:02 2172 [Note] C:\Users\ramky\Desktop\summer\wamp\mysql\bin\mysqld.exe: ready for connections.
Version: '5.6.30'  socket: ''  port: 3306  MySQL Community Server (GPL)
2016-08-25 16:45:31 2428 [Note] Plugin 'FEDERATED' is disabled.
2016-08-25 16:45:32 2428 [Note] InnoDB: Using atomics to ref count buffer pool pages
2016-08-25 16:45:32 2428 [Note] InnoDB: The InnoDB memory heap is disabled
2016-08-25 16:45:32 2428 [Note] InnoDB: Mutexes and rw_locks use Windows interlocked functions
2016-08-25 16:45:32 2428 [Note] InnoDB: Memory barrier is not used
2016-08-25 16:45:32 2428 [Note] InnoDB: Compressed tables use zlib 1.2.3
2016-08-25 16:45:33 2428 [Note] InnoDB: Not using CPU crc32 instructions
2016-08-25 16:45:33 2428 [Note] InnoDB: Initializing buffer pool, size = 128.0M
2016-08-25 16:45:33 2428 [Note] InnoDB: Completed initialization of buffer pool
2016-08-25 16:45:33 2428 [Note] InnoDB: Highest supported file format is Barracuda.
2016-08-25 16:45:33 2428 [Note] InnoDB: The log sequence numbers 1831257 and 1831257 in ibdata files do not match the log sequence number 1831277 in the ib_logfiles!
2016-08-25 16:45:33 2428 [Note] InnoDB: Database was not shutdown normally!
2016-08-25 16:45:33 2428 [Note] InnoDB: Starting crash recovery.
2016-08-25 16:45:33 2428 [Note] InnoDB: Reading tablespace information from the .ibd files...
2016-08-25 16:45:37 2428 [Note] InnoDB: Restoring possible half-written data pages 
2016-08-25 16:45:37 2428 [Note] InnoDB: from the doublewrite buffer...
2016-08-25 16:45:43 2428 [Note] InnoDB: 128 rollback segment(s) are active.
2016-08-25 16:45:43 2428 [Note] InnoDB: Waiting for purge to start
2016-08-25 16:45:43 2428 [Note] InnoDB: 5.6.30 started; log sequence number 1831277
2016-08-25 16:45:43 2428 [Note] Server hostname (bind-address): '127.0.0.1'; port: 3306
2016-08-25 16:45:43 2428 [Note]   - '127.0.0.1' resolves to '127.0.0.1';
2016-08-25 16:45:43 2428 [Note] Server socket created on IP: '127.0.0.1'.
2016-08-25 16:45:53 2428 [Note] Event Scheduler: Loaded 0 events
2016-08-25 16:45:53 2428 [Note] C:\Users\ramky\Desktop\summer\wamp\mysql\bin\mysqld.exe: ready for connections.
Version: '5.6.30'  socket: ''  port: 3306  MySQL Community Server (GPL)
2016-08-26 10:55:47 2144 [Note] Plugin 'FEDERATED' is disabled.
2016-08-26 10:55:49 2144 [Note] InnoDB: Using atomics to ref count buffer pool pages
2016-08-26 10:55:49 2144 [Note] InnoDB: The InnoDB memory heap is disabled
2016-08-26 10:55:49 2144 [Note] InnoDB: Mutexes and rw_locks use Windows interlocked functions
2016-08-26 10:55:49 2144 [Note] InnoDB: Memory barrier is not used
2016-08-26 10:55:49 2144 [Note] InnoDB: Compressed tables use zlib 1.2.3
2016-08-26 10:55:49 2144 [Note] InnoDB: Not using CPU crc32 instructions
2016-08-26 10:55:49 2144 [Note] InnoDB: Initializing buffer pool, size = 128.0M
2016-08-26 10:55:49 2144 [Note] InnoDB: Completed initialization of buffer pool
2016-08-26 10:55:49 2144 [Note] InnoDB: Highest supported file format is Barracuda.
2016-08-26 10:55:50 2144 [Note] InnoDB: The log sequence numbers 1831257 and 1831257 in ibdata files do not match the log sequence number 1831287 in the ib_logfiles!
2016-08-26 10:55:50 2144 [Note] InnoDB: Database was not shutdown normally!
2016-08-26 10:55:50 2144 [Note] InnoDB: Starting crash recovery.
2016-08-26 10:55:50 2144 [Note] InnoDB: Reading tablespace information from the .ibd files...
2016-08-26 10:55:53 2144 [Note] InnoDB: Restoring possible half-written data pages 
2016-08-26 10:55:53 2144 [Note] InnoDB: from the doublewrite buffer...
2016-08-26 10:56:03 2144 [Note] InnoDB: 128 rollback segment(s) are active.
2016-08-26 10:56:03 2144 [Note] InnoDB: Waiting for purge to start
2016-08-26 10:56:03 2144 [Note] InnoDB: 5.6.30 started; log sequence number 1831287
2016-08-26 10:56:04 2144 [Note] Server hostname (bind-address): '127.0.0.1'; port: 3306
2016-08-26 10:56:04 2144 [Note]   - '127.0.0.1' resolves to '127.0.0.1';
2016-08-26 10:56:04 2144 [Note] Server socket created on IP: '127.0.0.1'.
2016-08-26 10:56:13 2144 [Note] Event Scheduler: Loaded 0 events
2016-08-26 10:56:13 2144 [Note] C:\Users\ramky\Desktop\summer\wamp\mysql\bin\mysqld.exe: ready for connections.
Version: '5.6.30'  socket: ''  port: 3306  MySQL Community Server (GPL)
2016-08-29 17:38:17 2144 [Note] C:\Users\ramky\Desktop\summer\wamp\mysql\bin\mysqld.exe: Normal shutdown

2016-08-29 17:38:18 2144 [Note] Giving 0 client threads a chance to die gracefully
2016-08-29 17:38:19 2144 [Note] Event Scheduler: Purging the queue. 0 events
2016-08-29 17:38:19 2144 [Note] Shutting down slave threads
2016-08-29 17:38:19 2144 [Note] Forcefully disconnecting 0 remaining clients
2016-08-29 17:38:19 2144 [Note] Binlog end
2016-08-29 17:38:20 2144 [Note] Shutting down plugin 'partition'
2016-08-29 17:38:20 2144 [Note] Shutting down plugin 'PERFORMANCE_SCHEMA'
2016-08-29 17:38:20 2144 [Note] Shutting down plugin 'INNODB_SYS_DATAFILES'
2016-08-29 17:38:20 2144 [Note] Shutting down plugin 'INNODB_SYS_TABLESPACES'
2016-08-29 17:38:20 2144 [Note] Shutting down plugin 'INNODB_SYS_FOREIGN_COLS'
2016-08-29 17:38:20 2144 [Note] Shutting down plugin 'INNODB_SYS_FOREIGN'
2016-08-29 17:38:20 2144 [Note] Shutting down plugin 'INNODB_SYS_FIELDS'
2016-08-29 17:38:20 2144 [Note] Shutting down plugin 'INNODB_SYS_COLUMNS'
2016-08-29 17:38:20 2144 [Note] Shutting down plugin 'INNODB_SYS_INDEXES'
2016-08-29 17:38:20 2144 [Note] Shutting down plugin 'INNODB_SYS_TABLESTATS'
2016-08-29 17:38:20 2144 [Note] Shutting down plugin 'INNODB_SYS_TABLES'
2016-08-29 17:38:20 2144 [Note] Shutting down plugin 'INNODB_FT_INDEX_TABLE'
2016-08-29 17:38:20 2144 [Note] Shutting down plugin 'INNODB_FT_INDEX_CACHE'
2016-08-29 17:38:20 2144 [Note] Shutting down plugin 'INNODB_FT_CONFIG'
2016-08-29 17:38:20 2144 [Note] Shutting down plugin 'INNODB_FT_BEING_DELETED'
2016-08-29 17:38:20 2144 [Note] Shutting down plugin 'INNODB_FT_DELETED'
2016-08-29 17:38:20 2144 [Note] Shutting down plugin 'INNODB_FT_DEFAULT_STOPWORD'
2016-08-29 17:38:20 2144 [Note] Shutting down plugin 'INNODB_METRICS'
2016-08-29 17:38:20 2144 [Note] Shutting down plugin 'INNODB_BUFFER_POOL_STATS'
2016-08-29 17:38:20 2144 [Note] Shutting down plugin 'INNODB_BUFFER_PAGE_LRU'
2016-08-29 17:38:20 2144 [Note] Shutting down plugin 'INNODB_BUFFER_PAGE'
2016-08-29 17:38:20 2144 [Note] Shutting down plugin 'INNODB_CMP_PER_INDEX_RESET'
2016-08-29 17:38:20 2144 [Note] Shutting down plugin 'INNODB_CMP_PER_INDEX'
2016-08-29 17:38:20 2144 [Note] Shutting down plugin 'INNODB_CMPMEM_RESET'
2016-08-29 17:38:20 2144 [Note] Shutting down plugin 'INNODB_CMPMEM'
2016-08-29 17:38:20 2144 [Note] Shutting down plugin 'INNODB_CMP_RESET'
2016-08-29 17:38:20 2144 [Note] Shutting down plugin 'INNODB_CMP'
2016-08-29 17:38:20 2144 [Note] Shutting down plugin 'INNODB_LOCK_WAITS'
2016-08-29 17:38:20 2144 [Note] Shutting down plugin 'INNODB_LOCKS'
2016-08-29 17:38:20 2144 [Note] Shutting down plugin 'INNODB_TRX'
2016-08-29 17:38:20 2144 [Note] Shutting down plugin 'InnoDB'
2016-08-29 17:38:20 2144 [Note] InnoDB: FTS optimize thread exiting.
2016-08-29 17:38:20 2144 [Note] InnoDB: Starting shutdown...
2016-08-29 17:38:25 2144 [Note] InnoDB: Shutdown completed; log sequence number 1831297
2016-08-29 17:38:25 2144 [Note] Shutting down plugin 'BLACKHOLE'
2016-08-29 17:38:25 2144 [Note] Shutting down plugin 'ARCHIVE'
2016-08-29 17:38:25 2144 [Note] Shutting down plugin 'MRG_MYISAM'
2016-08-29 17:38:26 2144 [Note] Shutting down plugin 'MyISAM'
2016-08-29 17:38:26 2144 [Note] Shutting down plugin 'MEMORY'
2016-08-29 17:38:26 2144 [Note] Shutting down plugin 'CSV'
2016-08-29 17:38:26 2144 [Note] Shutting down plugin 'sha256_password'
2016-08-29 17:38:26 2144 [Note] Shutting down plugin 'mysql_old_password'
2016-08-29 17:38:26 2144 [Note] Shutting down plugin 'mysql_native_password'
2016-08-29 17:38:26 2144 [Note] Shutting down plugin 'binlog'
2016-08-29 17:38:26 2144 [Note] C:\Users\ramky\Desktop\summer\wamp\mysql\bin\mysqld.exe: Shutdown complete

